"../../../Engine/Content/EditorResources/S_Actor.ubulk" 0
"../../../Engine/Content/EditorResources/S_Actor.uasset" 1
"../../../Engine/Content/EditorResources/S_Actor.uexp" 2
"../../../Engine/Content/EditorResources/S_BoxReflectionCapture.uasset" 3
"../../../Engine/Content/EditorResources/S_BoxReflectionCapture.uexp" 4
"../../../Engine/Content/EngineResources/DefaultTexture.ubulk" 5
"../../../Engine/Content/EngineResources/DefaultTexture.uasset" 6
"../../../Engine/Content/EngineResources/DefaultTexture.uexp" 7
"../../../Engine/Content/EngineResources/DefaultTextureCube.uasset" 8
"../../../Engine/Content/EngineResources/DefaultTextureCube.uexp" 9
"../../../Engine/Content/EngineResources/DefaultVolumeTexture2D.uasset" 10
"../../../Engine/Content/EngineResources/DefaultVolumeTexture2D.uexp" 11
"../../../Engine/Content/EngineResources/DefaultVolumeTexture.uasset" 12
"../../../Engine/Content/EngineResources/DefaultVolumeTexture.uexp" 13
"../../../Engine/Content/EditorResources/S_Trigger.ubulk" 14
"../../../Engine/Content/EditorResources/S_Trigger.uasset" 15
"../../../Engine/Content/EditorResources/S_Trigger.uexp" 16
"../../../Engine/Content/EditorResources/S_TriggerBox.uasset" 17
"../../../Engine/Content/EditorResources/S_TriggerBox.uexp" 18
"../../../Engine/Content/EditorResources/S_TriggerCapsule.uasset" 19
"../../../Engine/Content/EditorResources/S_TriggerCapsule.uexp" 20
"../../../Engine/Content/EditorResources/S_TriggerSphere.uasset" 21
"../../../Engine/Content/EditorResources/S_TriggerSphere.uexp" 22
"../../../Engine/Content/EngineMeshes/Sphere.ubulk" 23
"../../../Engine/Content/EngineMeshes/Sphere.uasset" 24
"../../../Engine/Content/EngineMeshes/Sphere.uexp" 25
"../../../Engine/Content/EngineResources/GradientTexture0.uasset" 26
"../../../Engine/Content/EngineResources/GradientTexture0.uexp" 27
"../../../Engine/Content/EngineResources/Black.uasset" 28
"../../../Engine/Content/EngineResources/Black.uexp" 29
"../../../Engine/Content/VREditor/LaserPointer/VR_LaserPower_01.ubulk" 30
"../../../Engine/Content/VREditor/LaserPointer/VR_LaserPower_01.uasset" 31
"../../../Engine/Content/VREditor/LaserPointer/VR_LaserPower_01.uexp" 32
"../../../Engine/Content/VREditor/TransformGizmo/TransformGizmoMaterial.uasset" 33
"../../../Engine/Content/VREditor/TransformGizmo/TransformGizmoMaterial.uexp" 34
"../../../Engine/Content/VREditor/TransformGizmo/TranslucentTransformGizmoMaterial.uasset" 35
"../../../Engine/Content/VREditor/TransformGizmo/TranslucentTransformGizmoMaterial.uexp" 36
"../../../Engine/Content/VREditor/TransformGizmo/PlaneTranslationHandle.ubulk" 37
"../../../Engine/Content/VREditor/TransformGizmo/PlaneTranslationHandle.uasset" 38
"../../../Engine/Content/VREditor/TransformGizmo/PlaneTranslationHandle.uexp" 39
"../../../Engine/Content/VREditor/TransformGizmo/BoundingBoxCorner.ubulk" 40
"../../../Engine/Content/VREditor/TransformGizmo/BoundingBoxCorner.uasset" 41
"../../../Engine/Content/VREditor/TransformGizmo/BoundingBoxCorner.uexp" 42
"../../../Engine/Content/VREditor/TransformGizmo/BoundingBoxEdge.ubulk" 43
"../../../Engine/Content/VREditor/TransformGizmo/BoundingBoxEdge.uasset" 44
"../../../Engine/Content/VREditor/TransformGizmo/BoundingBoxEdge.uexp" 45
"../../../Engine/Content/VREditor/TransformGizmo/Main.uasset" 46
"../../../Engine/Content/VREditor/TransformGizmo/Main.uexp" 47
"../../../Engine/Content/VREditor/TransformGizmo/Xray.uasset" 48
"../../../Engine/Content/VREditor/TransformGizmo/Xray.uexp" 49
"../../../Engine/Content/VREditor/TransformGizmo/SM_Sequencer_Node.ubulk" 50
"../../../Engine/Content/VREditor/TransformGizmo/SM_Sequencer_Node.uasset" 51
"../../../Engine/Content/VREditor/TransformGizmo/SM_Sequencer_Node.uexp" 52
"../../../Engine/Content/EditorMaterials/Camera/CineMat.uasset" 53
"../../../Engine/Content/EditorMaterials/Camera/CineMat.uexp" 54
"../../../Engine/Content/EditorMaterials/Camera/MI_CineMat_Rig.uasset" 55
"../../../Engine/Content/EditorMaterials/Camera/MI_CineMat_Rig.uexp" 56
"../../../Engine/Content/EditorMeshes/Camera/SM_CraneRig_Base.ubulk" 57
"../../../Engine/Content/EditorMeshes/Camera/SM_CraneRig_Base.uasset" 58
"../../../Engine/Content/EditorMeshes/Camera/SM_CraneRig_Base.uexp" 59
"../../../Engine/Content/EditorMeshes/Camera/SM_CraneRig_Arm.ubulk" 60
"../../../Engine/Content/EditorMeshes/Camera/SM_CraneRig_Arm.uasset" 61
"../../../Engine/Content/EditorMeshes/Camera/SM_CraneRig_Arm.uexp" 62
"../../../Engine/Content/EditorMeshes/Camera/SM_CraneRig_Mount.ubulk" 63
"../../../Engine/Content/EditorMeshes/Camera/SM_CraneRig_Mount.uasset" 64
"../../../Engine/Content/EditorMeshes/Camera/SM_CraneRig_Mount.uexp" 65
"../../../Engine/Content/EditorMeshes/Camera/SM_CraneRig_Body.ubulk" 66
"../../../Engine/Content/EditorMeshes/Camera/SM_CraneRig_Body.uasset" 67
"../../../Engine/Content/EditorMeshes/Camera/SM_CraneRig_Body.uexp" 68
"../../../Engine/Content/EditorMeshes/Camera/SM_RailRig_Track.ubulk" 69
"../../../Engine/Content/EditorMeshes/Camera/SM_RailRig_Track.uasset" 70
"../../../Engine/Content/EditorMeshes/Camera/SM_RailRig_Track.uexp" 71
"../../../Engine/Content/EditorMeshes/Camera/SM_RailRig_Mount.ubulk" 72
"../../../Engine/Content/EditorMeshes/Camera/SM_RailRig_Mount.uasset" 73
"../../../Engine/Content/EditorMeshes/Camera/SM_RailRig_Mount.uexp" 74
"../../../Engine/Content/EngineMaterials/T_Default_Material_Grid_M.ubulk" 75
"../../../Engine/Content/EngineMaterials/T_Default_Material_Grid_M.uasset" 76
"../../../Engine/Content/EngineMaterials/T_Default_Material_Grid_M.uexp" 77
"../../../Engine/Content/EngineMaterials/T_Default_Material_Grid_N.ubulk" 78
"../../../Engine/Content/EngineMaterials/T_Default_Material_Grid_N.uasset" 79
"../../../Engine/Content/EngineMaterials/T_Default_Material_Grid_N.uexp" 80
"../../../Engine/Content/Functions/Engine_MaterialFunctions01/Opacity/CameraDepthFade.uasset" 81
"../../../Engine/Content/Functions/Engine_MaterialFunctions01/Opacity/CameraDepthFade.uexp" 82
"../../../Engine/Content/EngineMaterials/WorldGridMaterial.uasset" 83
"../../../Engine/Content/EngineMaterials/WorldGridMaterial.uexp" 84
"../../../Engine/Content/ArtTools/RenderToTexture/Meshes/S_1_Unit_Plane.ubulk" 85
"../../../Engine/Content/ArtTools/RenderToTexture/Meshes/S_1_Unit_Plane.uasset" 86
"../../../Engine/Content/ArtTools/RenderToTexture/Meshes/S_1_Unit_Plane.uexp" 87
"../../../Engine/Content/EditorMaterials/ParticleSystems/PSysThumbnail_NoImage.ubulk" 88
"../../../Engine/Content/EditorMaterials/ParticleSystems/PSysThumbnail_NoImage.uasset" 89
"../../../Engine/Content/EditorMaterials/ParticleSystems/PSysThumbnail_NoImage.uexp" 90
"../../../Engine/Content/EditorMaterials/ParticleSystems/PSysThumbnail_OOD.ubulk" 91
"../../../Engine/Content/EditorMaterials/ParticleSystems/PSysThumbnail_OOD.uasset" 92
"../../../Engine/Content/EditorMaterials/ParticleSystems/PSysThumbnail_OOD.uexp" 93
"../../../Engine/Content/EditorLandscapeResources/SplineEditorMeshMat.uasset" 94
"../../../Engine/Content/EditorLandscapeResources/SplineEditorMeshMat.uexp" 95
"../../../Engine/Content/EditorLandscapeResources/SplineEditorMesh.ubulk" 96
"../../../Engine/Content/EditorLandscapeResources/SplineEditorMesh.uasset" 97
"../../../Engine/Content/EditorLandscapeResources/SplineEditorMesh.uexp" 98
"../../../Engine/Content/EditorResources/S_Solver.ubulk" 99
"../../../Engine/Content/EditorResources/S_Solver.uasset" 100
"../../../Engine/Content/EditorResources/S_Solver.uexp" 101
"../../../Engine/Plugins/Media/MediaPlate/Content/SM_MediaPlateScreen.ubulk" 102
"../../../Engine/Plugins/Media/MediaPlate/Content/SM_MediaPlateScreen.uasset" 103
"../../../Engine/Plugins/Media/MediaPlate/Content/SM_MediaPlateScreen.uexp" 104
"../../../Engine/Content/EngineMaterials/Good64x64TilingNoiseHighFreq.uasset" 105
"../../../Engine/Content/EngineMaterials/Good64x64TilingNoiseHighFreq.uexp" 106
"../../../Engine/Content/EngineMaterials/DefaultBokeh.uasset" 107
"../../../Engine/Content/EngineMaterials/DefaultBokeh.uexp" 108
"../../../Engine/Content/EngineMaterials/PreintegratedSkinBRDF.uasset" 109
"../../../Engine/Content/EngineMaterials/PreintegratedSkinBRDF.uexp" 110
"../../../Engine/Content/EngineMaterials/MiniFont.uasset" 111
"../../../Engine/Content/EngineMaterials/MiniFont.uexp" 112
"../../../Engine/Content/EngineMaterials/WeightMapPlaceholderTexture.uasset" 113
"../../../Engine/Content/EngineMaterials/WeightMapPlaceholderTexture.uexp" 114
"../../../Engine/Content/EngineMaterials/DefaultWhiteGrid.ubulk" 115
"../../../Engine/Content/EngineMaterials/DefaultWhiteGrid.uasset" 116
"../../../Engine/Content/EngineMaterials/DefaultWhiteGrid.uexp" 117
"X:/Leerdoelen-2023/Save-And-Load/Project/Content/LevelPrototyping/Textures/T_GridChecker_A.ubulk" 118
"X:/Leerdoelen-2023/Save-And-Load/Project/Content/LevelPrototyping/Textures/T_GridChecker_A.uasset" 119
"X:/Leerdoelen-2023/Save-And-Load/Project/Content/LevelPrototyping/Textures/T_GridChecker_A.uexp" 120
"../../../Engine/Content/Functions/Engine_MaterialFunctions02/Utility/MakeFloat3.uasset" 121
"../../../Engine/Content/Functions/Engine_MaterialFunctions02/Utility/MakeFloat3.uexp" 122
"../../../Engine/Content/Functions/Engine_MaterialFunctions01/Gradient/LinearGradient.uasset" 123
"../../../Engine/Content/Functions/Engine_MaterialFunctions01/Gradient/LinearGradient.uexp" 124
"../../../Engine/Content/Functions/Engine_MaterialFunctions01/ImageAdjustment/CheapContrast.uasset" 125
"../../../Engine/Content/Functions/Engine_MaterialFunctions01/ImageAdjustment/CheapContrast.uexp" 126
"../../../Engine/Content/Functions/Engine_MaterialFunctions02/Utility/BreakOutFloat3Components.uasset" 127
"../../../Engine/Content/Functions/Engine_MaterialFunctions02/Utility/BreakOutFloat3Components.uexp" 128
"X:/Leerdoelen-2023/Save-And-Load/Project/Content/LevelPrototyping/Materials/MF_ProcGrid.uasset" 129
"X:/Leerdoelen-2023/Save-And-Load/Project/Content/LevelPrototyping/Materials/MF_ProcGrid.uexp" 130
"X:/Leerdoelen-2023/Save-And-Load/Project/Content/LevelPrototyping/Materials/M_PrototypeGrid.uasset" 131
"X:/Leerdoelen-2023/Save-And-Load/Project/Content/LevelPrototyping/Materials/M_PrototypeGrid.uexp" 132
"X:/Leerdoelen-2023/Save-And-Load/Project/Content/LevelPrototyping/Materials/MI_PrototypeGrid_Gray.uasset" 133
"X:/Leerdoelen-2023/Save-And-Load/Project/Content/LevelPrototyping/Materials/MI_PrototypeGrid_Gray.uexp" 134
"X:/Leerdoelen-2023/Save-And-Load/Project/Content/LevelPrototyping/Meshes/SM_Ramp.ubulk" 135
"X:/Leerdoelen-2023/Save-And-Load/Project/Content/LevelPrototyping/Meshes/SM_Ramp.uasset" 136
"X:/Leerdoelen-2023/Save-And-Load/Project/Content/LevelPrototyping/Meshes/SM_Ramp.uexp" 137
"X:/Leerdoelen-2023/Save-And-Load/Project/Content/LevelPrototyping/Meshes/SM_QuarterCylinder.ubulk" 138
"X:/Leerdoelen-2023/Save-And-Load/Project/Content/LevelPrototyping/Meshes/SM_QuarterCylinder.uasset" 139
"X:/Leerdoelen-2023/Save-And-Load/Project/Content/LevelPrototyping/Meshes/SM_QuarterCylinder.uexp" 140
"X:/Leerdoelen-2023/Save-And-Load/Project/Content/LevelPrototyping/Meshes/SM_Cube.ubulk" 141
"X:/Leerdoelen-2023/Save-And-Load/Project/Content/LevelPrototyping/Meshes/SM_Cube.uasset" 142
"X:/Leerdoelen-2023/Save-And-Load/Project/Content/LevelPrototyping/Meshes/SM_Cube.uexp" 143
"X:/Leerdoelen-2023/Save-And-Load/Project/Content/LevelPrototyping/Materials/M_Solid.uasset" 144
"X:/Leerdoelen-2023/Save-And-Load/Project/Content/LevelPrototyping/Materials/M_Solid.uexp" 145
"X:/Leerdoelen-2023/Save-And-Load/Project/Content/LevelPrototyping/Materials/MI_Solid_Blue.uasset" 146
"X:/Leerdoelen-2023/Save-And-Load/Project/Content/LevelPrototyping/Materials/MI_Solid_Blue.uexp" 147
"X:/Leerdoelen-2023/Save-And-Load/Project/Content/LevelPrototyping/Meshes/SM_ChamferCube.ubulk" 148
"X:/Leerdoelen-2023/Save-And-Load/Project/Content/LevelPrototyping/Meshes/SM_ChamferCube.uasset" 149
"X:/Leerdoelen-2023/Save-And-Load/Project/Content/LevelPrototyping/Meshes/SM_ChamferCube.uexp" 150
"X:/Leerdoelen-2023/Save-And-Load/Project/Content/LevelPrototyping/Materials/M_Solid_Shiny_Metal.uasset" 151
"X:/Leerdoelen-2023/Save-And-Load/Project/Content/LevelPrototyping/Materials/M_Solid_Shiny_Metal.uexp" 152
"X:/Leerdoelen-2023/Save-And-Load/Project/Content/Platforms/Colours/MI_Solid_Red.uasset" 153
"X:/Leerdoelen-2023/Save-And-Load/Project/Content/Platforms/Colours/MI_Solid_Red.uexp" 154
"../../../Engine/Content/BasicShapes/Cube.ubulk" 155
"../../../Engine/Content/BasicShapes/Cube.uasset" 156
"../../../Engine/Content/BasicShapes/Cube.uexp" 157
"X:/Leerdoelen-2023/Save-And-Load/Project/Content/ThirdPerson/Input/Actions/IA_Menu.uasset" 158
"X:/Leerdoelen-2023/Save-And-Load/Project/Content/ThirdPerson/Input/Actions/IA_Menu.uexp" 159
"X:/Leerdoelen-2023/Save-And-Load/Project/Content/SaveGame/Tutorial-02/PlayerSaveData.uasset" 160
"X:/Leerdoelen-2023/Save-And-Load/Project/Content/SaveGame/Tutorial-02/PlayerSaveData.uexp" 161
"X:/Leerdoelen-2023/Save-And-Load/Project/Content/SaveGame/Tutorial-02/BP_SaveGame_Tutorial-02.uasset" 162
"X:/Leerdoelen-2023/Save-And-Load/Project/Content/SaveGame/Tutorial-02/BP_SaveGame_Tutorial-02.uexp" 163
"X:/Leerdoelen-2023/Save-And-Load/Project/Content/SaveGame/Tutorial-02/BP_GameInstance.uasset" 164
"X:/Leerdoelen-2023/Save-And-Load/Project/Content/SaveGame/Tutorial-02/BP_GameInstance.uexp" 165
"../../../Engine/Content/EditorBlueprintResources/StandardMacros.uasset" 166
"../../../Engine/Content/EditorBlueprintResources/StandardMacros.uexp" 167
"X:/Leerdoelen-2023/Save-And-Load/Project/Content/UI/Menu/PauseMenuWidget.uasset" 168
"X:/Leerdoelen-2023/Save-And-Load/Project/Content/UI/Menu/PauseMenuWidget.uexp" 169
"X:/Leerdoelen-2023/Save-And-Load/Project/Content/Characters/Mannequins/Meshes/SK_Mannequin.uasset" 170
"X:/Leerdoelen-2023/Save-And-Load/Project/Content/Characters/Mannequins/Meshes/SK_Mannequin.uexp" 171
"X:/Leerdoelen-2023/Save-And-Load/Project/Content/Characters/Mannequins/Textures/Quinn/T_Quinn_02ID_MSR_MSK.ubulk" 172
"X:/Leerdoelen-2023/Save-And-Load/Project/Content/Characters/Mannequins/Textures/Quinn/T_Quinn_02ID_MSR_MSK.uasset" 173
"X:/Leerdoelen-2023/Save-And-Load/Project/Content/Characters/Mannequins/Textures/Quinn/T_Quinn_02ID_MSR_MSK.uexp" 174
"X:/Leerdoelen-2023/Save-And-Load/Project/Content/Characters/Mannequins/Textures/Quinn/T_Quinn_02ID_BN.ubulk" 175
"X:/Leerdoelen-2023/Save-And-Load/Project/Content/Characters/Mannequins/Textures/Quinn/T_Quinn_02ID_BN.uasset" 176
"X:/Leerdoelen-2023/Save-And-Load/Project/Content/Characters/Mannequins/Textures/Quinn/T_Quinn_02ID_BN.uexp" 177
"X:/Leerdoelen-2023/Save-And-Load/Project/Content/Characters/Mannequins/Textures/Quinn/T_Quinn_02_ASAOMASK_MSK.ubulk" 178
"X:/Leerdoelen-2023/Save-And-Load/Project/Content/Characters/Mannequins/Textures/Quinn/T_Quinn_02_ASAOMASK_MSK.uasset" 179
"X:/Leerdoelen-2023/Save-And-Load/Project/Content/Characters/Mannequins/Textures/Quinn/T_Quinn_02_ASAOMASK_MSK.uexp" 180
"X:/Leerdoelen-2023/Save-And-Load/Project/Content/Characters/Mannequins/Textures/Quinn/T_Quinn_02_CCRCCPlastic_MSK.ubulk" 181
"X:/Leerdoelen-2023/Save-And-Load/Project/Content/Characters/Mannequins/Textures/Quinn/T_Quinn_02_CCRCCPlastic_MSK.uasset" 182
"X:/Leerdoelen-2023/Save-And-Load/Project/Content/Characters/Mannequins/Textures/Quinn/T_Quinn_02_CCRCCPlastic_MSK.uexp" 183
"X:/Leerdoelen-2023/Save-And-Load/Project/Content/Characters/Mannequins/Textures/Quinn/T_Quinn_02ID_Tan.ubulk" 184
"X:/Leerdoelen-2023/Save-And-Load/Project/Content/Characters/Mannequins/Textures/Quinn/T_Quinn_02ID_Tan.uasset" 185
"X:/Leerdoelen-2023/Save-And-Load/Project/Content/Characters/Mannequins/Textures/Quinn/T_Quinn_02ID_Tan.uexp" 186
"X:/Leerdoelen-2023/Save-And-Load/Project/Content/Characters/Mannequins/Textures/Quinn/T_Quinn_02ID_D.ubulk" 187
"X:/Leerdoelen-2023/Save-And-Load/Project/Content/Characters/Mannequins/Textures/Quinn/T_Quinn_02ID_D.uasset" 188
"X:/Leerdoelen-2023/Save-And-Load/Project/Content/Characters/Mannequins/Textures/Quinn/T_Quinn_02ID_D.uexp" 189
"X:/Leerdoelen-2023/Save-And-Load/Project/Content/Characters/Mannequins/Textures/Quinn/T_Quinn_01ID_MSR_MSK.ubulk" 190
"X:/Leerdoelen-2023/Save-And-Load/Project/Content/Characters/Mannequins/Textures/Quinn/T_Quinn_01ID_MSR_MSK.uasset" 191
"X:/Leerdoelen-2023/Save-And-Load/Project/Content/Characters/Mannequins/Textures/Quinn/T_Quinn_01ID_MSR_MSK.uexp" 192
"X:/Leerdoelen-2023/Save-And-Load/Project/Content/Characters/Mannequins/Materials/Functions/ChromaticCurve.uasset" 193
"X:/Leerdoelen-2023/Save-And-Load/Project/Content/Characters/Mannequins/Materials/Functions/ChromaticCurve.uexp" 194
"X:/Leerdoelen-2023/Save-And-Load/Project/Content/Characters/Mannequins/Materials/Functions/CA_Mannequin.uasset" 195
"X:/Leerdoelen-2023/Save-And-Load/Project/Content/Characters/Mannequins/Materials/Functions/CA_Mannequin.uexp" 196
"X:/Leerdoelen-2023/Save-And-Load/Project/Content/Characters/Mannequins/Materials/Functions/MF_Diffraction.uasset" 197
"X:/Leerdoelen-2023/Save-And-Load/Project/Content/Characters/Mannequins/Materials/Functions/MF_Diffraction.uexp" 198
"X:/Leerdoelen-2023/Save-And-Load/Project/Content/Characters/Mannequins/Textures/Manny/T_Manny_01_N.ubulk" 199
"X:/Leerdoelen-2023/Save-And-Load/Project/Content/Characters/Mannequins/Textures/Manny/T_Manny_01_N.uasset" 200
"X:/Leerdoelen-2023/Save-And-Load/Project/Content/Characters/Mannequins/Textures/Manny/T_Manny_01_N.uexp" 201
"X:/Leerdoelen-2023/Save-And-Load/Project/Content/Characters/Mannequins/Materials/Functions/ML_BaseColorFallOff.uasset" 202
"X:/Leerdoelen-2023/Save-And-Load/Project/Content/Characters/Mannequins/Materials/Functions/ML_BaseColorFallOff.uexp" 203
"../../../Engine/Content/Functions/Engine_MaterialFunctions02/Utility/BreakOutFloat2Components.uasset" 204
"../../../Engine/Content/Functions/Engine_MaterialFunctions02/Utility/BreakOutFloat2Components.uexp" 205
"../../../Engine/Content/Functions/Engine_MaterialFunctions01/Texturing/ScaleUVsByCenter.uasset" 206
"../../../Engine/Content/Functions/Engine_MaterialFunctions01/Texturing/ScaleUVsByCenter.uexp" 207
"X:/Leerdoelen-2023/Save-And-Load/Project/Content/Characters/Mannequins/Textures/Shared/T_UE_Logo_M.uasset" 208
"X:/Leerdoelen-2023/Save-And-Load/Project/Content/Characters/Mannequins/Textures/Shared/T_UE_Logo_M.uexp" 209
"X:/Leerdoelen-2023/Save-And-Load/Project/Content/Characters/Mannequins/Materials/Functions/MF_logo3layers.uasset" 210
"X:/Leerdoelen-2023/Save-And-Load/Project/Content/Characters/Mannequins/Materials/Functions/MF_logo3layers.uexp" 211
"X:/Leerdoelen-2023/Save-And-Load/Project/Content/Characters/Mannequins/Textures/Manny/T_Manny_01_CCRCCPlastic_MSK.ubulk" 212
"X:/Leerdoelen-2023/Save-And-Load/Project/Content/Characters/Mannequins/Textures/Manny/T_Manny_01_CCRCCPlastic_MSK.uasset" 213
"X:/Leerdoelen-2023/Save-And-Load/Project/Content/Characters/Mannequins/Textures/Manny/T_Manny_01_CCRCCPlastic_MSK.uexp" 214
"X:/Leerdoelen-2023/Save-And-Load/Project/Content/Characters/Mannequins/Textures/Manny/T_Manny_01_ASAOPMASK_MSK.ubulk" 215
"X:/Leerdoelen-2023/Save-And-Load/Project/Content/Characters/Mannequins/Textures/Manny/T_Manny_01_ASAOPMASK_MSK.uasset" 216
"X:/Leerdoelen-2023/Save-And-Load/Project/Content/Characters/Mannequins/Textures/Manny/T_Manny_01_ASAOPMASK_MSK.uexp" 217
"X:/Leerdoelen-2023/Save-And-Load/Project/Content/Characters/Mannequins/Textures/Manny/T_Manny_01_MSR_MSK.ubulk" 218
"X:/Leerdoelen-2023/Save-And-Load/Project/Content/Characters/Mannequins/Textures/Manny/T_Manny_01_MSR_MSK.uasset" 219
"X:/Leerdoelen-2023/Save-And-Load/Project/Content/Characters/Mannequins/Textures/Manny/T_Manny_01_MSR_MSK.uexp" 220
"X:/Leerdoelen-2023/Save-And-Load/Project/Content/Characters/Mannequins/Textures/Manny/T_Manny_01_BN.ubulk" 221
"X:/Leerdoelen-2023/Save-And-Load/Project/Content/Characters/Mannequins/Textures/Manny/T_Manny_01_BN.uasset" 222
"X:/Leerdoelen-2023/Save-And-Load/Project/Content/Characters/Mannequins/Textures/Manny/T_Manny_01_BN.uexp" 223
"X:/Leerdoelen-2023/Save-And-Load/Project/Content/Characters/Mannequins/Textures/Manny/T_Manny_01_D.ubulk" 224
"X:/Leerdoelen-2023/Save-And-Load/Project/Content/Characters/Mannequins/Textures/Manny/T_Manny_01_D.uasset" 225
"X:/Leerdoelen-2023/Save-And-Load/Project/Content/Characters/Mannequins/Textures/Manny/T_Manny_01_D.uexp" 226
"X:/Leerdoelen-2023/Save-And-Load/Project/Content/Characters/Mannequins/Textures/Manny/T_Manny_01_Tan.ubulk" 227
"X:/Leerdoelen-2023/Save-And-Load/Project/Content/Characters/Mannequins/Textures/Manny/T_Manny_01_Tan.uasset" 228
"X:/Leerdoelen-2023/Save-And-Load/Project/Content/Characters/Mannequins/Textures/Manny/T_Manny_01_Tan.uexp" 229
"X:/Leerdoelen-2023/Save-And-Load/Project/Content/Characters/Mannequins/Materials/M_Mannequin.uasset" 230
"X:/Leerdoelen-2023/Save-And-Load/Project/Content/Characters/Mannequins/Materials/M_Mannequin.uexp" 231
"X:/Leerdoelen-2023/Save-And-Load/Project/Content/Characters/Mannequins/Textures/Quinn/T_Quinn_01_ASAOMASK_MSK.ubulk" 232
"X:/Leerdoelen-2023/Save-And-Load/Project/Content/Characters/Mannequins/Textures/Quinn/T_Quinn_01_ASAOMASK_MSK.uasset" 233
"X:/Leerdoelen-2023/Save-And-Load/Project/Content/Characters/Mannequins/Textures/Quinn/T_Quinn_01_ASAOMASK_MSK.uexp" 234
"X:/Leerdoelen-2023/Save-And-Load/Project/Content/Characters/Mannequins/Textures/Quinn/T_Quinn_01ID_N.ubulk" 235
"X:/Leerdoelen-2023/Save-And-Load/Project/Content/Characters/Mannequins/Textures/Quinn/T_Quinn_01ID_N.uasset" 236
"X:/Leerdoelen-2023/Save-And-Load/Project/Content/Characters/Mannequins/Textures/Quinn/T_Quinn_01ID_N.uexp" 237
"X:/Leerdoelen-2023/Save-And-Load/Project/Content/Characters/Mannequins/Textures/Quinn/T_Quinn_01ID_BN.ubulk" 238
"X:/Leerdoelen-2023/Save-And-Load/Project/Content/Characters/Mannequins/Textures/Quinn/T_Quinn_01ID_BN.uasset" 239
"X:/Leerdoelen-2023/Save-And-Load/Project/Content/Characters/Mannequins/Textures/Quinn/T_Quinn_01ID_BN.uexp" 240
"X:/Leerdoelen-2023/Save-And-Load/Project/Content/Characters/Mannequins/Textures/Quinn/T_Quinn_01ID_D.ubulk" 241
"X:/Leerdoelen-2023/Save-And-Load/Project/Content/Characters/Mannequins/Textures/Quinn/T_Quinn_01ID_D.uasset" 242
"X:/Leerdoelen-2023/Save-And-Load/Project/Content/Characters/Mannequins/Textures/Quinn/T_Quinn_01ID_D.uexp" 243
"X:/Leerdoelen-2023/Save-And-Load/Project/Content/Characters/Mannequins/Textures/Quinn/T_Quinn_01ID_Tan.ubulk" 244
"X:/Leerdoelen-2023/Save-And-Load/Project/Content/Characters/Mannequins/Textures/Quinn/T_Quinn_01ID_Tan.uasset" 245
"X:/Leerdoelen-2023/Save-And-Load/Project/Content/Characters/Mannequins/Textures/Quinn/T_Quinn_01ID_Tan.uexp" 246
"X:/Leerdoelen-2023/Save-And-Load/Project/Content/Characters/Mannequins/Textures/Quinn/T_Quinn_01_CCRCCPlastic_MSK.ubulk" 247
"X:/Leerdoelen-2023/Save-And-Load/Project/Content/Characters/Mannequins/Textures/Quinn/T_Quinn_01_CCRCCPlastic_MSK.uasset" 248
"X:/Leerdoelen-2023/Save-And-Load/Project/Content/Characters/Mannequins/Textures/Quinn/T_Quinn_01_CCRCCPlastic_MSK.uexp" 249
"X:/Leerdoelen-2023/Save-And-Load/Project/Content/Characters/Mannequins/Materials/Instances/Quinn/MI_Quinn_01.uasset" 250
"X:/Leerdoelen-2023/Save-And-Load/Project/Content/Characters/Mannequins/Materials/Instances/Quinn/MI_Quinn_01.uexp" 251
"X:/Leerdoelen-2023/Save-And-Load/Project/Content/Characters/Mannequins/Textures/Quinn/T_Quinn_02ID_N.ubulk" 252
"X:/Leerdoelen-2023/Save-And-Load/Project/Content/Characters/Mannequins/Textures/Quinn/T_Quinn_02ID_N.uasset" 253
"X:/Leerdoelen-2023/Save-And-Load/Project/Content/Characters/Mannequins/Textures/Quinn/T_Quinn_02ID_N.uexp" 254
"X:/Leerdoelen-2023/Save-And-Load/Project/Content/Characters/Mannequins/Materials/Instances/Quinn/MI_Quinn_02.uasset" 255
"X:/Leerdoelen-2023/Save-And-Load/Project/Content/Characters/Mannequins/Materials/Instances/Quinn/MI_Quinn_02.uexp" 256
"X:/Leerdoelen-2023/Save-And-Load/Project/Content/Characters/Mannequins/Rigs/PA_Mannequin.uasset" 257
"X:/Leerdoelen-2023/Save-And-Load/Project/Content/Characters/Mannequins/Rigs/PA_Mannequin.uexp" 258
"X:/Leerdoelen-2023/Save-And-Load/Project/Content/Characters/Mannequins/Meshes/SKM_Quinn_Simple.uasset" 259
"X:/Leerdoelen-2023/Save-And-Load/Project/Content/Characters/Mannequins/Meshes/SKM_Quinn_Simple.uexp" 260
"X:/Leerdoelen-2023/Save-And-Load/Project/Content/UI/Score/BP_Score.uasset" 261
"X:/Leerdoelen-2023/Save-And-Load/Project/Content/UI/Score/BP_Score.uexp" 262
"X:/Leerdoelen-2023/Save-And-Load/Project/Content/SaveGame/Tutorial-01/BP_SaveGame_Tutorial-01.uasset" 263
"X:/Leerdoelen-2023/Save-And-Load/Project/Content/SaveGame/Tutorial-01/BP_SaveGame_Tutorial-01.uexp" 264
"X:/Leerdoelen-2023/Save-And-Load/Project/Content/ThirdPerson/Input/Actions/IA_Jump.uasset" 265
"X:/Leerdoelen-2023/Save-And-Load/Project/Content/ThirdPerson/Input/Actions/IA_Jump.uexp" 266
"X:/Leerdoelen-2023/Save-And-Load/Project/Content/ThirdPerson/Input/Actions/IA_Look.uasset" 267
"X:/Leerdoelen-2023/Save-And-Load/Project/Content/ThirdPerson/Input/Actions/IA_Look.uexp" 268
"X:/Leerdoelen-2023/Save-And-Load/Project/Content/ThirdPerson/Input/Actions/IA_Move.uasset" 269
"X:/Leerdoelen-2023/Save-And-Load/Project/Content/ThirdPerson/Input/Actions/IA_Move.uexp" 270
"X:/Leerdoelen-2023/Save-And-Load/Project/Content/ThirdPerson/Input/IMC_Default.uasset" 271
"X:/Leerdoelen-2023/Save-And-Load/Project/Content/ThirdPerson/Input/IMC_Default.uexp" 272
"../../../Engine/Content/Animation/DefaultAnimCurveCompressionSettings.uasset" 273
"../../../Engine/Content/Animation/DefaultAnimCurveCompressionSettings.uexp" 274
"../../../Engine/Content/Animation/DefaultAnimBoneCompressionSettings.uasset" 275
"../../../Engine/Content/Animation/DefaultAnimBoneCompressionSettings.uexp" 276
"X:/Leerdoelen-2023/Save-And-Load/Project/Content/Characters/Mannequins/Animations/Quinn/MF_Run_Fwd.uasset" 277
"X:/Leerdoelen-2023/Save-And-Load/Project/Content/Characters/Mannequins/Animations/Quinn/MF_Run_Fwd.uexp" 278
"X:/Leerdoelen-2023/Save-And-Load/Project/Content/Characters/Mannequins/Animations/Quinn/MF_Walk_Fwd.uasset" 279
"X:/Leerdoelen-2023/Save-And-Load/Project/Content/Characters/Mannequins/Animations/Quinn/MF_Walk_Fwd.uexp" 280
"../../../Engine/Content/Animation/DefaultRecorderBoneCompression.uasset" 281
"../../../Engine/Content/Animation/DefaultRecorderBoneCompression.uexp" 282
"X:/Leerdoelen-2023/Save-And-Load/Project/Content/Characters/Mannequins/Animations/Manny/MM_Walk_InPlace.uasset" 283
"X:/Leerdoelen-2023/Save-And-Load/Project/Content/Characters/Mannequins/Animations/Manny/MM_Walk_InPlace.uexp" 284
"X:/Leerdoelen-2023/Save-And-Load/Project/Content/Characters/Mannequins/Animations/Quinn/BS_MF_Unarmed_WalkRun.uasset" 285
"X:/Leerdoelen-2023/Save-And-Load/Project/Content/Characters/Mannequins/Animations/Quinn/BS_MF_Unarmed_WalkRun.uexp" 286
"X:/Leerdoelen-2023/Save-And-Load/Project/Content/Characters/Mannequins/Animations/Quinn/MF_Idle.uasset" 287
"X:/Leerdoelen-2023/Save-And-Load/Project/Content/Characters/Mannequins/Animations/Quinn/MF_Idle.uexp" 288
"X:/Leerdoelen-2023/Save-And-Load/Project/Content/Characters/Mannequins/Animations/Manny/MM_Fall_Loop.uasset" 289
"X:/Leerdoelen-2023/Save-And-Load/Project/Content/Characters/Mannequins/Animations/Manny/MM_Fall_Loop.uexp" 290
"X:/Leerdoelen-2023/Save-And-Load/Project/Content/Characters/Mannequins/Animations/Manny/MM_Jump.uasset" 291
"X:/Leerdoelen-2023/Save-And-Load/Project/Content/Characters/Mannequins/Animations/Manny/MM_Jump.uexp" 292
"../../../Engine/Plugins/Animation/ControlRig/Content/Controls/DefaultGizmoLibrary.uasset" 293
"../../../Engine/Plugins/Animation/ControlRig/Content/Controls/DefaultGizmoLibrary.uexp" 294
"X:/Leerdoelen-2023/Save-And-Load/Project/Content/Characters/Mannequins/Rigs/CR_Mannequin_BasicFootIK.uasset" 295
"X:/Leerdoelen-2023/Save-And-Load/Project/Content/Characters/Mannequins/Rigs/CR_Mannequin_BasicFootIK.uexp" 296
"X:/Leerdoelen-2023/Save-And-Load/Project/Content/Characters/Mannequins/Animations/Manny/MM_Run_Fwd.uasset" 297
"X:/Leerdoelen-2023/Save-And-Load/Project/Content/Characters/Mannequins/Animations/Manny/MM_Run_Fwd.uexp" 298
"X:/Leerdoelen-2023/Save-And-Load/Project/Content/Characters/Mannequins/Animations/Manny/MM_Walk_Fwd.uasset" 299
"X:/Leerdoelen-2023/Save-And-Load/Project/Content/Characters/Mannequins/Animations/Manny/MM_Walk_Fwd.uexp" 300
"X:/Leerdoelen-2023/Save-And-Load/Project/Content/Characters/Mannequins/Animations/Manny/BS_MM_WalkRun.uasset" 301
"X:/Leerdoelen-2023/Save-And-Load/Project/Content/Characters/Mannequins/Animations/Manny/BS_MM_WalkRun.uexp" 302
"X:/Leerdoelen-2023/Save-And-Load/Project/Content/Characters/Mannequins/Animations/Manny/MM_Land.uasset" 303
"X:/Leerdoelen-2023/Save-And-Load/Project/Content/Characters/Mannequins/Animations/Manny/MM_Land.uexp" 304
"X:/Leerdoelen-2023/Save-And-Load/Project/Content/Characters/Mannequins/Animations/Manny/MM_Idle.uasset" 305
"X:/Leerdoelen-2023/Save-And-Load/Project/Content/Characters/Mannequins/Animations/Manny/MM_Idle.uexp" 306
"X:/Leerdoelen-2023/Save-And-Load/Project/Content/Characters/Mannequins/Animations/ABP_Manny.uasset" 307
"X:/Leerdoelen-2023/Save-And-Load/Project/Content/Characters/Mannequins/Animations/ABP_Manny.uexp" 308
"X:/Leerdoelen-2023/Save-And-Load/Project/Content/Characters/Mannequins/Animations/ABP_Quinn.uasset" 309
"X:/Leerdoelen-2023/Save-And-Load/Project/Content/Characters/Mannequins/Animations/ABP_Quinn.uexp" 310
"X:/Leerdoelen-2023/Save-And-Load/Project/Content/ThirdPerson/Blueprints/BP_ThirdPersonCharacter.uasset" 311
"X:/Leerdoelen-2023/Save-And-Load/Project/Content/ThirdPerson/Blueprints/BP_ThirdPersonCharacter.uexp" 312
"X:/Leerdoelen-2023/Save-And-Load/Project/Content/Platforms/Colours/MI_Solid_Purple.uasset" 313
"X:/Leerdoelen-2023/Save-And-Load/Project/Content/Platforms/Colours/MI_Solid_Purple.uexp" 314
"X:/Leerdoelen-2023/Save-And-Load/Project/Content/Platforms/Loading/BP_Load-System-02.uasset" 315
"X:/Leerdoelen-2023/Save-And-Load/Project/Content/Platforms/Loading/BP_Load-System-02.uexp" 316
"X:/Leerdoelen-2023/Save-And-Load/Project/Content/Platforms/Loading/BP_Load-System-01.uasset" 317
"X:/Leerdoelen-2023/Save-And-Load/Project/Content/Platforms/Loading/BP_Load-System-01.uexp" 318
"X:/Leerdoelen-2023/Save-And-Load/Project/Content/Platforms/Colours/MI_Solid_Orange.uasset" 319
"X:/Leerdoelen-2023/Save-And-Load/Project/Content/Platforms/Colours/MI_Solid_Orange.uexp" 320
"X:/Leerdoelen-2023/Save-And-Load/Project/Content/Platforms/Saving/BP_Save-System-02.uasset" 321
"X:/Leerdoelen-2023/Save-And-Load/Project/Content/Platforms/Saving/BP_Save-System-02.uexp" 322
"X:/Leerdoelen-2023/Save-And-Load/Project/Content/Platforms/Saving/BP_Save-System-01.uasset" 323
"X:/Leerdoelen-2023/Save-And-Load/Project/Content/Platforms/Saving/BP_Save-System-01.uexp" 324
"X:/Leerdoelen-2023/Save-And-Load/Project/Content/Platforms/Score/BP_SubtractPoints.uasset" 325
"X:/Leerdoelen-2023/Save-And-Load/Project/Content/Platforms/Score/BP_SubtractPoints.uexp" 326
"X:/Leerdoelen-2023/Save-And-Load/Project/Content/Platforms/Colours/MI_Solid_Black.uasset" 327
"X:/Leerdoelen-2023/Save-And-Load/Project/Content/Platforms/Colours/MI_Solid_Black.uexp" 328
"X:/Leerdoelen-2023/Save-And-Load/Project/Content/Platforms/Score/BP_ResetPoints.uasset" 329
"X:/Leerdoelen-2023/Save-And-Load/Project/Content/Platforms/Score/BP_ResetPoints.uexp" 330
"X:/Leerdoelen-2023/Save-And-Load/Project/Content/Platforms/Colours/MI_Solid_Green.uasset" 331
"X:/Leerdoelen-2023/Save-And-Load/Project/Content/Platforms/Colours/MI_Solid_Green.uexp" 332
"X:/Leerdoelen-2023/Save-And-Load/Project/Content/Platforms/Score/BP_AddPoints.uasset" 333
"X:/Leerdoelen-2023/Save-And-Load/Project/Content/Platforms/Score/BP_AddPoints.uexp" 334
"X:/Leerdoelen-2023/Save-And-Load/Project/Content/StarterContent/Textures/T_MacroVariation.uasset" 335
"X:/Leerdoelen-2023/Save-And-Load/Project/Content/StarterContent/Textures/T_MacroVariation.uexp" 336
"X:/Leerdoelen-2023/Save-And-Load/Project/Content/StarterContent/Materials/M_Metal_Chrome.uasset" 337
"X:/Leerdoelen-2023/Save-And-Load/Project/Content/StarterContent/Materials/M_Metal_Chrome.uexp" 338
"X:/Leerdoelen-2023/Save-And-Load/Project/Content/StarterContent/Materials/M_Glass.uasset" 339
"X:/Leerdoelen-2023/Save-And-Load/Project/Content/StarterContent/Materials/M_Glass.uexp" 340
"X:/Leerdoelen-2023/Save-And-Load/Project/Content/StarterContent/Materials/M_AssetPlatform.uasset" 341
"X:/Leerdoelen-2023/Save-And-Load/Project/Content/StarterContent/Materials/M_AssetPlatform.uexp" 342
"../../../Engine/Content/EngineMaterials/DefaultMaterial.uasset" 343
"../../../Engine/Content/EngineMaterials/DefaultMaterial.uexp" 344
"../../../Engine/Content/BasicShapes/Sphere.ubulk" 345
"../../../Engine/Content/BasicShapes/Sphere.uasset" 346
"../../../Engine/Content/BasicShapes/Sphere.uexp" 347
"../../../Engine/Content/BasicShapes/Plane.ubulk" 348
"../../../Engine/Content/BasicShapes/Plane.uasset" 349
"../../../Engine/Content/BasicShapes/Plane.uexp" 350
"../../../Engine/Content/BasicShapes/Cylinder.ubulk" 351
"../../../Engine/Content/BasicShapes/Cylinder.uasset" 352
"../../../Engine/Content/BasicShapes/Cylinder.uexp" 353
"../../../Engine/Content/BasicShapes/Cone.ubulk" 354
"../../../Engine/Content/BasicShapes/Cone.uasset" 355
"../../../Engine/Content/BasicShapes/Cone.uexp" 356
"../../../Engine/Content/EditorLandscapeResources/DefaultAlphaTexture.uasset" 357
"../../../Engine/Content/EditorLandscapeResources/DefaultAlphaTexture.uexp" 358
"../../../Engine/Content/EditorLandscapeResources/DataLayer.uasset" 359
"../../../Engine/Content/EditorLandscapeResources/DataLayer.uexp" 360
"../../../Engine/Content/EditorMaterials/PreviewShadowIndicator.ubulk" 361
"../../../Engine/Content/EditorMaterials/PreviewShadowIndicator.uasset" 362
"../../../Engine/Content/EditorMaterials/PreviewShadowIndicator.uexp" 363
"../../../Engine/Content/EditorMaterials/PreviewShadowIndicatorMaterial.uasset" 364
"../../../Engine/Content/EditorMaterials/PreviewShadowIndicatorMaterial.uexp" 365
"../../../Engine/Content/EditorMaterials/PhAT_UnselectedMaterial.uasset" 366
"../../../Engine/Content/EditorMaterials/PhAT_UnselectedMaterial.uexp" 367
"../../../Engine/Content/EditorMaterials/PhAT_NoCollisionMaterial.uasset" 368
"../../../Engine/Content/EditorMaterials/PhAT_NoCollisionMaterial.uexp" 369
"../../../Engine/Content/Functions/Engine_MaterialFunctions02/Utility/MakeFloat4.uasset" 370
"../../../Engine/Content/Functions/Engine_MaterialFunctions02/Utility/MakeFloat4.uexp" 371
"../../../Engine/Content/EditorMaterials/WorldPartition/WorldPartitionSpatialHashGridPreviewMaterial.uasset" 372
"../../../Engine/Content/EditorMaterials/WorldPartition/WorldPartitionSpatialHashGridPreviewMaterial.uexp" 373
"../../../Engine/Content/EditorResources/S_Terrain.ubulk" 374
"../../../Engine/Content/EditorResources/S_Terrain.uasset" 375
"../../../Engine/Content/EditorResources/S_Terrain.uexp" 376
"../../../Engine/Content/EditorResources/EmptyActor.uasset" 377
"../../../Engine/Content/EditorResources/EmptyActor.uexp" 378
"../../../Engine/Content/EditorResources/BSPVertex.uasset" 379
"../../../Engine/Content/EditorResources/BSPVertex.uexp" 380
"../../../Engine/Content/EditorResources/SequenceRecorder/RecordingIndicator.uasset" 381
"../../../Engine/Content/EditorResources/SequenceRecorder/RecordingIndicator.uexp" 382
"../../../Engine/Content/EditorResources/SequenceRecorder/Countdown.uasset" 383
"../../../Engine/Content/EditorResources/SequenceRecorder/Countdown.uexp" 384
"../../../Engine/Content/EngineDamageTypes/DmgTypeBP_Environmental.uasset" 385
"../../../Engine/Content/EngineDamageTypes/DmgTypeBP_Environmental.uexp" 386
"../../../Engine/Content/Functions/Engine_MaterialFunctions02/Utility/CameraDirectionVector.uasset" 387
"../../../Engine/Content/Functions/Engine_MaterialFunctions02/Utility/CameraDirectionVector.uexp" 388
"../../../Engine/Content/EngineDebugMaterials/VolumeToRender.uasset" 389
"../../../Engine/Content/EngineDebugMaterials/VolumeToRender.uexp" 390
"../../../Engine/Content/EngineDebugMaterials/M_VolumeRenderSphereTracePP.uasset" 391
"../../../Engine/Content/EngineDebugMaterials/M_VolumeRenderSphereTracePP.uexp" 392
"../../../Engine/Content/EngineDebugMaterials/M_SimpleUnlitTranslucent.uasset" 393
"../../../Engine/Content/EngineDebugMaterials/M_SimpleUnlitTranslucent.uexp" 394
"../../../Engine/Content/EngineDebugMaterials/DebugMeshMaterial.uasset" 395
"../../../Engine/Content/EngineDebugMaterials/DebugMeshMaterial.uexp" 396
"../../../Engine/Content/EngineDebugMaterials/DebugEditorMaterial.uasset" 397
"../../../Engine/Content/EngineDebugMaterials/DebugEditorMaterial.uexp" 398
"../../../Engine/Content/EngineFonts/Faces/RobotoLight.uexp" 399
"../../../Engine/Content/EngineFonts/Faces/RobotoLight.uasset" 400
"../../../Engine/Content/EngineFonts/Faces/RobotoLight.ufont" 401
"../../../Engine/Content/EngineFonts/Faces/RobotoBold.uexp" 402
"../../../Engine/Content/EngineFonts/Faces/RobotoBold.uasset" 403
"../../../Engine/Content/EngineFonts/Faces/RobotoBold.ufont" 404
"../../../Engine/Content/EngineFonts/Faces/RobotoRegular.uexp" 405
"../../../Engine/Content/EngineFonts/Faces/RobotoRegular.uasset" 406
"../../../Engine/Content/EngineFonts/Faces/RobotoRegular.ufont" 407
"../../../Engine/Content/EngineFonts/Faces/DroidSansFallback.uexp" 408
"../../../Engine/Content/EngineFonts/Faces/DroidSansFallback.uasset" 409
"../../../Engine/Content/EngineFonts/Faces/DroidSansFallback.ufont" 410
"../../../Engine/Content/EngineFonts/Faces/RobotoItalic.uexp" 411
"../../../Engine/Content/EngineFonts/Faces/RobotoItalic.uasset" 412
"../../../Engine/Content/EngineFonts/Faces/RobotoItalic.ufont" 413
"../../../Engine/Content/EngineFonts/Faces/RobotoBoldItalic.uexp" 414
"../../../Engine/Content/EngineFonts/Faces/RobotoBoldItalic.uasset" 415
"../../../Engine/Content/EngineFonts/Faces/RobotoBoldItalic.ufont" 416
"../../../Engine/Content/EngineFonts/Roboto.uasset" 417
"../../../Engine/Content/EngineFonts/Roboto.uexp" 418
"../../../Engine/Content/EngineResources/WhiteSquareTexture.uasset" 419
"../../../Engine/Content/EngineResources/WhiteSquareTexture.uexp" 420
"../../../Engine/Content/EngineMaterials/Widget3DPassThrough.uasset" 421
"../../../Engine/Content/EngineMaterials/Widget3DPassThrough.uexp" 422
"../../../Engine/Content/EngineMaterials/Widget3DPassThrough_Translucent.uasset" 423
"../../../Engine/Content/EngineMaterials/Widget3DPassThrough_Translucent.uexp" 424
"../../../Engine/Content/EngineMaterials/Widget3DPassThrough_Translucent_OneSided.uasset" 425
"../../../Engine/Content/EngineMaterials/Widget3DPassThrough_Translucent_OneSided.uexp" 426
"../../../Engine/Content/EngineMaterials/Widget3DPassThrough_Opaque.uasset" 427
"../../../Engine/Content/EngineMaterials/Widget3DPassThrough_Opaque.uexp" 428
"../../../Engine/Content/EngineMaterials/Widget3DPassThrough_Opaque_OneSided.uasset" 429
"../../../Engine/Content/EngineMaterials/Widget3DPassThrough_Opaque_OneSided.uexp" 430
"../../../Engine/Content/EngineMaterials/Widget3DPassThrough_Masked_OneSided.uasset" 431
"../../../Engine/Content/EngineMaterials/Widget3DPassThrough_Masked_OneSided.uexp" 432
"../../../Engine/Content/EngineMaterials/Widget3DPassThrough_Masked.uasset" 433
"../../../Engine/Content/EngineMaterials/Widget3DPassThrough_Masked.uexp" 434
"../../../Engine/Plugins/Runtime/MeshModelingToolset/Content/Materials/M_DynamicMeshComponentVtxColor.uasset" 435
"../../../Engine/Plugins/Runtime/MeshModelingToolset/Content/Materials/M_DynamicMeshComponentVtxColor.uexp" 436
"../../../Engine/Content/EngineMaterials/STBlueNoise_vec2_128x128x64.uasset" 437
"../../../Engine/Content/EngineMaterials/STBlueNoise_vec2_128x128x64.uexp" 438
"../../../Engine/Content/EngineMaterials/STBlueNoise_scalar_128x128x64.uasset" 439
"../../../Engine/Content/EngineMaterials/STBlueNoise_scalar_128x128x64.uexp" 440
"../../../Engine/Content/EngineMaterials/RemoveSurfaceMaterial.uasset" 441
"../../../Engine/Content/EngineMaterials/RemoveSurfaceMaterial.uexp" 442
"../../../Engine/Content/EngineMaterials/DefaultCalibrationGrayscale.uasset" 443
"../../../Engine/Content/EngineMaterials/DefaultCalibrationGrayscale.uexp" 444
"../../../Engine/Content/EngineMaterials/PPM_DefaultCalibrationGrayscale.uasset" 445
"../../../Engine/Content/EngineMaterials/PPM_DefaultCalibrationGrayscale.uexp" 446
"../../../Engine/Content/EngineMaterials/DefaultCalibrationColor.uasset" 447
"../../../Engine/Content/EngineMaterials/DefaultCalibrationColor.uexp" 448
"../../../Engine/Content/EngineMaterials/PPM_DefaultCalibrationColor.uasset" 449
"../../../Engine/Content/EngineMaterials/PPM_DefaultCalibrationColor.uexp" 450
"../../../Engine/Content/Functions/Engine_MaterialFunctions02/WorldPositionOffset/CameraOffset.uasset" 451
"../../../Engine/Content/Functions/Engine_MaterialFunctions02/WorldPositionOffset/CameraOffset.uexp" 452
"../../../Engine/Content/EngineMaterials/PhAT_JointLimitMaterial.uasset" 453
"../../../Engine/Content/EngineMaterials/PhAT_JointLimitMaterial.uexp" 454
"../../../Engine/Content/EngineMaterials/InvalidLightmapSettings.ubulk" 455
"../../../Engine/Content/EngineMaterials/InvalidLightmapSettings.uasset" 456
"../../../Engine/Content/EngineMaterials/InvalidLightmapSettings.uexp" 457
"../../../Engine/Content/EngineMaterials/M_InvalidLightmapSettings.uasset" 458
"../../../Engine/Content/EngineMaterials/M_InvalidLightmapSettings.uexp" 459
"../../../Engine/Plugins/Interchange/Runtime/Content/gltf/Textures/T_Gray_Linear.uasset" 460
"../../../Engine/Plugins/Interchange/Runtime/Content/gltf/Textures/T_Gray_Linear.uexp" 461
"../../../Engine/Plugins/Interchange/Runtime/Content/Materials/MapOrLinearColorFunction.uasset" 462
"../../../Engine/Plugins/Interchange/Runtime/Content/Materials/MapOrLinearColorFunction.uexp" 463
"../../../Engine/Content/EngineMaterials/DefaultNormal.ubulk" 464
"../../../Engine/Content/EngineMaterials/DefaultNormal.uasset" 465
"../../../Engine/Content/EngineMaterials/DefaultNormal.uexp" 466
"../../../Engine/Plugins/Interchange/Runtime/Content/Materials/MapOrScalarFunction.uasset" 467
"../../../Engine/Plugins/Interchange/Runtime/Content/Materials/MapOrScalarFunction.uexp" 468
"../../../Engine/Plugins/Interchange/Runtime/Content/Materials/MapOrColorFunction.uasset" 469
"../../../Engine/Plugins/Interchange/Runtime/Content/Materials/MapOrColorFunction.uexp" 470
"../../../Engine/Content/EngineMaterials/BaseFlattenLinearColor.uasset" 471
"../../../Engine/Content/EngineMaterials/BaseFlattenLinearColor.uexp" 472
"../../../Engine/Plugins/Interchange/Runtime/Content/Materials/CommonMaterial.uasset" 473
"../../../Engine/Plugins/Interchange/Runtime/Content/Materials/CommonMaterial.uexp" 474
"../../../Engine/Plugins/Interchange/Runtime/Content/Materials/PBRSurfaceFunction.uasset" 475
"../../../Engine/Plugins/Interchange/Runtime/Content/Materials/PBRSurfaceFunction.uexp" 476
"../../../Engine/Plugins/Interchange/Runtime/Content/Materials/ClearCoatMaterial.uasset" 477
"../../../Engine/Plugins/Interchange/Runtime/Content/Materials/ClearCoatMaterial.uexp" 478
"../../../Engine/Plugins/Interchange/Runtime/Content/Materials/UnlitMaterial.uasset" 479
"../../../Engine/Plugins/Interchange/Runtime/Content/Materials/UnlitMaterial.uexp" 480
"../../../Engine/Content/EngineMaterials/GizmoMaterial.uasset" 481
"../../../Engine/Content/EngineMaterials/GizmoMaterial.uexp" 482
"../../../Engine/Content/EngineMaterials/BaseFlattenEmissiveMap_VT.uasset" 483
"../../../Engine/Content/EngineMaterials/BaseFlattenEmissiveMap_VT.uexp" 484
"../../../Engine/Content/EngineMaterials/BaseFlattenGrayscaleMap_VT.uasset" 485
"../../../Engine/Content/EngineMaterials/BaseFlattenGrayscaleMap_VT.uexp" 486
"../../../Engine/Content/EngineMaterials/BaseFlattenLinearColor_VT.uasset" 487
"../../../Engine/Content/EngineMaterials/BaseFlattenLinearColor_VT.uexp" 488
"../../../Engine/Content/EngineMaterials/Black_1x1_EXR_Texture_VT.uasset" 489
"../../../Engine/Content/EngineMaterials/Black_1x1_EXR_Texture_VT.uexp" 490
"../../../Engine/Content/EngineMaterials/BaseFlattenDiffuseMap_VT.uasset" 491
"../../../Engine/Content/EngineMaterials/BaseFlattenDiffuseMap_VT.uexp" 492
"../../../Engine/Content/EngineMaterials/BaseFlattenNormalMap_VT.uasset" 493
"../../../Engine/Content/EngineMaterials/BaseFlattenNormalMap_VT.uexp" 494
"../../../Engine/Content/EngineMaterials/FlattenMaterial_WS_Normal_VT.uasset" 495
"../../../Engine/Content/EngineMaterials/FlattenMaterial_WS_Normal_VT.uexp" 496
"../../../Engine/Content/EngineMaterials/FlattenMaterial_VT.uasset" 497
"../../../Engine/Content/EngineMaterials/FlattenMaterial_VT.uexp" 498
"../../../Engine/Content/EngineMaterials/BaseFlattenNormalMap.uasset" 499
"../../../Engine/Content/EngineMaterials/BaseFlattenNormalMap.uexp" 500
"../../../Engine/Content/EngineMaterials/BaseFlattenGrayscaleMap.uasset" 501
"../../../Engine/Content/EngineMaterials/BaseFlattenGrayscaleMap.uexp" 502
"../../../Engine/Content/EngineMaterials/BaseFlattenDiffuseMap.uasset" 503
"../../../Engine/Content/EngineMaterials/BaseFlattenDiffuseMap.uexp" 504
"../../../Engine/Content/Functions/Engine_MaterialFunctions02/PivotPainter2/Black_1x1_EXR_Texture.uasset" 505
"../../../Engine/Content/Functions/Engine_MaterialFunctions02/PivotPainter2/Black_1x1_EXR_Texture.uexp" 506
"../../../Engine/Content/EngineMaterials/BaseFlattenEmissiveMap.uasset" 507
"../../../Engine/Content/EngineMaterials/BaseFlattenEmissiveMap.uexp" 508
"../../../Engine/Content/EngineMaterials/FlattenMaterial.uasset" 509
"../../../Engine/Content/EngineMaterials/FlattenMaterial.uexp" 510
"../../../Engine/Content/EngineMaterials/DefaultWhiteGrid_Low.uasset" 511
"../../../Engine/Content/EngineMaterials/DefaultWhiteGrid_Low.uexp" 512
"../../../Engine/Content/EngineMaterials/EmissiveMeshMaterial.uasset" 513
"../../../Engine/Content/EngineMaterials/EmissiveMeshMaterial.uexp" 514
"../../../Engine/Plugins/Interchange/Runtime/Content/Pipelines/DefaultTexturePipeline.uasset" 515
"../../../Engine/Plugins/Interchange/Runtime/Content/Pipelines/DefaultTexturePipeline.uexp" 516
"../../../Engine/Content/EngineResources/FilmGrains/Marcie_Grain_v3_128_M2_000.uasset" 517
"../../../Engine/Content/EngineResources/FilmGrains/Marcie_Grain_v3_128_M2_000.uexp" 518
"../../../Engine/Content/EngineFonts/RobotoDistanceField.uasset" 519
"../../../Engine/Content/EngineFonts/RobotoDistanceField.uexp" 520
"../../../Engine/Content/EngineMaterials/DefaultTextMaterialOpaque.uasset" 521
"../../../Engine/Content/EngineMaterials/DefaultTextMaterialOpaque.uexp" 522
"../../../Engine/Content/EngineMaterials/DefaultDiffuse.ubulk" 523
"../../../Engine/Content/EngineMaterials/DefaultDiffuse.uasset" 524
"../../../Engine/Content/EngineMaterials/DefaultDiffuse.uexp" 525
"../../../Engine/Content/EngineMaterials/DefaultPostProcessMaterial.uasset" 526
"../../../Engine/Content/EngineMaterials/DefaultPostProcessMaterial.uexp" 527
"../../../Engine/Content/EngineMaterials/DefaultPhysicalMaterial.uasset" 528
"../../../Engine/Content/EngineMaterials/DefaultPhysicalMaterial.uexp" 529
"../../../Engine/Content/EngineMaterials/DefaultLightFunctionMaterial.uasset" 530
"../../../Engine/Content/EngineMaterials/DefaultLightFunctionMaterial.uexp" 531
"../../../Engine/Content/EngineMaterials/DefaultDestructiblePhysicalMaterial.uasset" 532
"../../../Engine/Content/EngineMaterials/DefaultDestructiblePhysicalMaterial.uexp" 533
"../../../Engine/Content/EngineMaterials/DefaultDeferredDecalMaterial.uasset" 534
"../../../Engine/Content/EngineMaterials/DefaultDeferredDecalMaterial.uexp" 535
"../../../Engine/Plugins/Interchange/Runtime/Content/gltf/Textures/T_Black_srgb.uasset" 536
"../../../Engine/Plugins/Interchange/Runtime/Content/gltf/Textures/T_Black_srgb.uexp" 537
"../../../Engine/Content/EngineMaterials/DefaultBloomKernel.uasset" 538
"../../../Engine/Content/EngineMaterials/DefaultBloomKernel.uexp" 539
"../../../Engine/Plugins/Interchange/Runtime/Content/Materials/ThinTranslucentMaterial.uasset" 540
"../../../Engine/Plugins/Interchange/Runtime/Content/Materials/ThinTranslucentMaterial.uexp" 541
"../../../Engine/Content/EngineSky/T_Sky_Stars.ubulk" 542
"../../../Engine/Content/EngineSky/T_Sky_Stars.uasset" 543
"../../../Engine/Content/EngineSky/T_Sky_Stars.uexp" 544
"../../../Engine/Content/EngineSky/T_Sky_Clouds_M.ubulk" 545
"../../../Engine/Content/EngineSky/T_Sky_Clouds_M.uasset" 546
"../../../Engine/Content/EngineSky/T_Sky_Clouds_M.uexp" 547
"../../../Engine/Content/EngineSky/T_Sky_Blue.ubulk" 548
"../../../Engine/Content/EngineSky/T_Sky_Blue.uasset" 549
"../../../Engine/Content/EngineSky/T_Sky_Blue.uexp" 550
"../../../Engine/Content/EngineSky/M_Sky_Panning_Clouds2.uasset" 551
"../../../Engine/Content/EngineSky/M_Sky_Panning_Clouds2.uexp" 552
"../../../Engine/Content/EngineSky/SM_SkySphere.ubulk" 553
"../../../Engine/Content/EngineSky/SM_SkySphere.uasset" 554
"../../../Engine/Content/EngineSky/SM_SkySphere.uexp" 555
"../../../Engine/Content/EngineSky/M_SimpleSkyDome.uasset" 556
"../../../Engine/Content/EngineSky/M_SimpleSkyDome.uexp" 557
"../../../Engine/Plugins/Interchange/Runtime/Content/Materials/SubsurfaceMaterial.uasset" 558
"../../../Engine/Plugins/Interchange/Runtime/Content/Materials/SubsurfaceMaterial.uexp" 559
"../../../Engine/Plugins/Interchange/Runtime/Content/Materials/SheenMaterial.uasset" 560
"../../../Engine/Plugins/Interchange/Runtime/Content/Materials/SheenMaterial.uexp" 561
"../../../Engine/Content/Functions/Engine_MaterialFunctions01/Shading/ConvertFromDiffSpec.uasset" 562
"../../../Engine/Content/Functions/Engine_MaterialFunctions01/Shading/ConvertFromDiffSpec.uexp" 563
"../../../Engine/Plugins/Interchange/Runtime/Content/Materials/PhongSurfaceMaterial.uasset" 564
"../../../Engine/Plugins/Interchange/Runtime/Content/Materials/PhongSurfaceMaterial.uexp" 565
"../../../Engine/Plugins/Interchange/Runtime/Content/Materials/PBRSurfaceMaterial.uasset" 566
"../../../Engine/Plugins/Interchange/Runtime/Content/Materials/PBRSurfaceMaterial.uexp" 567
"../../../Engine/Plugins/Interchange/Runtime/Content/Materials/LambertSurfaceMaterial.uasset" 568
"../../../Engine/Plugins/Interchange/Runtime/Content/Materials/LambertSurfaceMaterial.uexp" 569
"../../../Engine/Content/EngineSky/VolumetricClouds/CloudWeatherTexture.uasset" 570
"../../../Engine/Content/EngineSky/VolumetricClouds/CloudWeatherTexture.uexp" 571
"../../../Engine/Content/Functions/Engine_MaterialFunctions02/Utility/MakeFloat2.uasset" 572
"../../../Engine/Content/Functions/Engine_MaterialFunctions02/Utility/MakeFloat2.uexp" 573
"../../../Engine/Content/EngineSky/VolumetricClouds/CloudGradientTexture.uasset" 574
"../../../Engine/Content/EngineSky/VolumetricClouds/CloudGradientTexture.uexp" 575
"../../../Engine/Content/EngineSky/VolumetricClouds/T_NoiseShape64.ubulk" 576
"../../../Engine/Content/EngineSky/VolumetricClouds/T_NoiseShape64.uasset" 577
"../../../Engine/Content/EngineSky/VolumetricClouds/T_NoiseShape64.uexp" 578
"../../../Engine/Content/EngineSky/VolumetricClouds/T_VolumeNoiseShape64.uasset" 579
"../../../Engine/Content/EngineSky/VolumetricClouds/T_VolumeNoiseShape64.uexp" 580
"../../../Engine/Content/EngineSky/VolumetricClouds/T_NoiseErosion.ubulk" 581
"../../../Engine/Content/EngineSky/VolumetricClouds/T_NoiseErosion.uasset" 582
"../../../Engine/Content/EngineSky/VolumetricClouds/T_NoiseErosion.uexp" 583
"../../../Engine/Content/EngineSky/VolumetricClouds/T_VolumeNoiseErosion32.uasset" 584
"../../../Engine/Content/EngineSky/VolumetricClouds/T_VolumeNoiseErosion32.uexp" 585
"../../../Engine/Content/EngineSky/VolumetricClouds/m_SimpleVolumetricCloud.uasset" 586
"../../../Engine/Content/EngineSky/VolumetricClouds/m_SimpleVolumetricCloud.uexp" 587
"../../../Engine/Content/EngineSky/VolumetricClouds/m_SimpleVolumetricCloud_Inst.uasset" 588
"../../../Engine/Content/EngineSky/VolumetricClouds/m_SimpleVolumetricCloud_Inst.uexp" 589
"../../../Engine/Content/EngineSounds/Master.uasset" 590
"../../../Engine/Content/EngineSounds/Master.uexp" 591
"../../../Engine/Content/Functions/Engine_MaterialFunctions01/Shading/PowerToRoughness.uasset" 592
"../../../Engine/Content/Functions/Engine_MaterialFunctions01/Shading/PowerToRoughness.uexp" 593
"../../../Engine/Content/EngineMaterials/FlatNormal.uasset" 594
"../../../Engine/Content/EngineMaterials/FlatNormal.uexp" 595
"../../../Engine/Plugins/Interchange/Runtime/Content/Functions/MF_OrenNayerView.uasset" 596
"../../../Engine/Plugins/Interchange/Runtime/Content/Functions/MF_OrenNayerView.uexp" 597
"../../../Engine/Content/EditorLandscapeResources/WhiteSquareTexture.uasset" 598
"../../../Engine/Content/EditorLandscapeResources/WhiteSquareTexture.uexp" 599
"../../../Engine/Plugins/Interchange/Runtime/Content/Functions/MF_SchlickApprox.uasset" 600
"../../../Engine/Plugins/Interchange/Runtime/Content/Functions/MF_SchlickApprox.uexp" 601
"../../../Engine/Plugins/Interchange/Runtime/Content/Utilities/New_LUT.uasset" 602
"../../../Engine/Plugins/Interchange/Runtime/Content/Utilities/New_LUT.uexp" 603
"../../../Engine/Content/Functions/Engine_MaterialFunctions03/Math/RemapValueRange.uasset" 604
"../../../Engine/Content/Functions/Engine_MaterialFunctions03/Math/RemapValueRange.uexp" 605
"../../../Engine/Plugins/Interchange/Runtime/Content/Functions/MF_Iridescence.uasset" 606
"../../../Engine/Plugins/Interchange/Runtime/Content/Functions/MF_Iridescence.uexp" 607
"../../../Engine/Plugins/Interchange/Runtime/Content/Materials/OrenNayerMaterial.uasset" 608
"../../../Engine/Plugins/Interchange/Runtime/Content/Materials/OrenNayerMaterial.uexp" 609
"../../../Engine/Content/Maps/Templates/HLODs/HLODLayer_Merged.uasset" 610
"../../../Engine/Content/Maps/Templates/HLODs/HLODLayer_Merged.uexp" 611
"../../../Engine/Content/MobileResources/HUD/VirtualJoystick_Background.uasset" 612
"../../../Engine/Content/MobileResources/HUD/VirtualJoystick_Background.uexp" 613
"../../../Engine/Content/MobileResources/HUD/VirtualJoystick_Thumb.uasset" 614
"../../../Engine/Content/MobileResources/HUD/VirtualJoystick_Thumb.uexp" 615
"../../../Engine/Content/MobileResources/HUD/DefaultVirtualJoysticks.uasset" 616
"../../../Engine/Content/MobileResources/HUD/DefaultVirtualJoysticks.uexp" 617
"../../../Engine/Plugins/2D/Paper2D/Content/PlaceholderTextures/DummySpriteTexture.ubulk" 618
"../../../Engine/Plugins/2D/Paper2D/Content/PlaceholderTextures/DummySpriteTexture.uasset" 619
"../../../Engine/Plugins/2D/Paper2D/Content/PlaceholderTextures/DummySpriteTexture.uexp" 620
"../../../Engine/Plugins/2D/Paper2D/Content/DefaultSpriteMaterial.uasset" 621
"../../../Engine/Plugins/2D/Paper2D/Content/DefaultSpriteMaterial.uexp" 622
"../../../Engine/Plugins/2D/Paper2D/Content/OpaqueUnlitSpriteMaterial.uasset" 623
"../../../Engine/Plugins/2D/Paper2D/Content/OpaqueUnlitSpriteMaterial.uexp" 624
"../../../Engine/Plugins/2D/Paper2D/Content/MaskedUnlitSpriteMaterial.uasset" 625
"../../../Engine/Plugins/2D/Paper2D/Content/MaskedUnlitSpriteMaterial.uexp" 626
"../../../Engine/Plugins/2D/Paper2D/Content/DummySprite.uasset" 627
"../../../Engine/Plugins/2D/Paper2D/Content/DummySprite.uexp" 628
"../../../Engine/Plugins/2D/Paper2D/Content/DefaultPaperTerrainMaterial.uasset" 629
"../../../Engine/Plugins/2D/Paper2D/Content/DefaultPaperTerrainMaterial.uexp" 630
"../../../Engine/Plugins/Interchange/Runtime/Content/Pipelines/DefaultAssetsPipeline.uasset" 631
"../../../Engine/Plugins/Interchange/Runtime/Content/Pipelines/DefaultAssetsPipeline.uexp" 632
"../../../Engine/Plugins/Animation/ControlRig/Content/M_Manip.uasset" 633
"../../../Engine/Plugins/Animation/ControlRig/Content/M_Manip.uexp" 634
"../../../Engine/Plugins/Animation/ControlRig/Content/Controls/DefaultGizmoLibraryNormalized.uasset" 635
"../../../Engine/Plugins/Animation/ControlRig/Content/Controls/DefaultGizmoLibraryNormalized.uexp" 636
"../../../Engine/Plugins/Animation/ControlRig/Content/Controls/ControlRig_Wedge_solid.ubulk" 637
"../../../Engine/Plugins/Animation/ControlRig/Content/Controls/ControlRig_Wedge_solid.uasset" 638
"../../../Engine/Plugins/Animation/ControlRig/Content/Controls/ControlRig_Wedge_solid.uexp" 639
"../../../Engine/Plugins/Animation/ControlRig/Content/Controls/ControlRig_Wedge_3mm.ubulk" 640
"../../../Engine/Plugins/Animation/ControlRig/Content/Controls/ControlRig_Wedge_3mm.uasset" 641
"../../../Engine/Plugins/Animation/ControlRig/Content/Controls/ControlRig_Wedge_3mm.uexp" 642
"../../../Engine/Plugins/Animation/ControlRig/Content/Controls/ControlRig_Wedge_1mm.ubulk" 643
"../../../Engine/Plugins/Animation/ControlRig/Content/Controls/ControlRig_Wedge_1mm.uasset" 644
"../../../Engine/Plugins/Animation/ControlRig/Content/Controls/ControlRig_Wedge_1mm.uexp" 645
"../../../Engine/Plugins/Animation/ControlRig/Content/Controls/ControlRig_Triangle_solid.ubulk" 646
"../../../Engine/Plugins/Animation/ControlRig/Content/Controls/ControlRig_Triangle_solid.uasset" 647
"../../../Engine/Plugins/Animation/ControlRig/Content/Controls/ControlRig_Triangle_solid.uexp" 648
"../../../Engine/Plugins/Animation/ControlRig/Content/Controls/ControlRig_Triangle_3mm.ubulk" 649
"../../../Engine/Plugins/Animation/ControlRig/Content/Controls/ControlRig_Triangle_3mm.uasset" 650
"../../../Engine/Plugins/Animation/ControlRig/Content/Controls/ControlRig_Triangle_3mm.uexp" 651
"../../../Engine/Plugins/Animation/ControlRig/Content/Controls/ControlRig_Triangle_1mm.ubulk" 652
"../../../Engine/Plugins/Animation/ControlRig/Content/Controls/ControlRig_Triangle_1mm.uasset" 653
"../../../Engine/Plugins/Animation/ControlRig/Content/Controls/ControlRig_Triangle_1mm.uexp" 654
"../../../Engine/Plugins/Animation/ControlRig/Content/Controls/ControlRig_Star4_solid.ubulk" 655
"../../../Engine/Plugins/Animation/ControlRig/Content/Controls/ControlRig_Star4_solid.uasset" 656
"../../../Engine/Plugins/Animation/ControlRig/Content/Controls/ControlRig_Star4_solid.uexp" 657
"../../../Engine/Plugins/Animation/ControlRig/Content/Controls/ControlRig_Star4_3mm.ubulk" 658
"../../../Engine/Plugins/Animation/ControlRig/Content/Controls/ControlRig_Star4_3mm.uasset" 659
"../../../Engine/Plugins/Animation/ControlRig/Content/Controls/ControlRig_Star4_3mm.uexp" 660
"../../../Engine/Plugins/Animation/ControlRig/Content/Controls/ControlRig_Star4_1mm.ubulk" 661
"../../../Engine/Plugins/Animation/ControlRig/Content/Controls/ControlRig_Star4_1mm.uasset" 662
"../../../Engine/Plugins/Animation/ControlRig/Content/Controls/ControlRig_Star4_1mm.uexp" 663
"../../../Engine/Plugins/Animation/ControlRig/Content/Controls/ControlRig_Square_solid.ubulk" 664
"../../../Engine/Plugins/Animation/ControlRig/Content/Controls/ControlRig_Square_solid.uasset" 665
"../../../Engine/Plugins/Animation/ControlRig/Content/Controls/ControlRig_Square_solid.uexp" 666
"../../../Engine/Plugins/Animation/ControlRig/Content/Controls/ControlRig_Square_3mm.ubulk" 667
"../../../Engine/Plugins/Animation/ControlRig/Content/Controls/ControlRig_Square_3mm.uasset" 668
"../../../Engine/Plugins/Animation/ControlRig/Content/Controls/ControlRig_Square_3mm.uexp" 669
"../../../Engine/Plugins/Animation/ControlRig/Content/Controls/ControlRig_Square_1mm.ubulk" 670
"../../../Engine/Plugins/Animation/ControlRig/Content/Controls/ControlRig_Square_1mm.uasset" 671
"../../../Engine/Plugins/Animation/ControlRig/Content/Controls/ControlRig_Square_1mm.uexp" 672
"../../../Engine/Plugins/Animation/ControlRig/Content/Controls/ControlRig_Sphere_solid.ubulk" 673
"../../../Engine/Plugins/Animation/ControlRig/Content/Controls/ControlRig_Sphere_solid.uasset" 674
"../../../Engine/Plugins/Animation/ControlRig/Content/Controls/ControlRig_Sphere_solid.uexp" 675
"../../../Engine/Plugins/Animation/ControlRig/Content/Controls/ControlRig_Sphere_3mm.ubulk" 676
"../../../Engine/Plugins/Animation/ControlRig/Content/Controls/ControlRig_Sphere_3mm.uasset" 677
"../../../Engine/Plugins/Animation/ControlRig/Content/Controls/ControlRig_Sphere_3mm.uexp" 678
"../../../Engine/Plugins/Animation/ControlRig/Content/Controls/ControlRig_Sphere_1mm.ubulk" 679
"../../../Engine/Plugins/Animation/ControlRig/Content/Controls/ControlRig_Sphere_1mm.uasset" 680
"../../../Engine/Plugins/Animation/ControlRig/Content/Controls/ControlRig_Sphere_1mm.uexp" 681
"../../../Engine/Plugins/Animation/ControlRig/Content/Controls/ControlRig_RoundedTriangle_solid.ubulk" 682
"../../../Engine/Plugins/Animation/ControlRig/Content/Controls/ControlRig_RoundedTriangle_solid.uasset" 683
"../../../Engine/Plugins/Animation/ControlRig/Content/Controls/ControlRig_RoundedTriangle_solid.uexp" 684
"../../../Engine/Plugins/Animation/ControlRig/Content/Controls/ControlRig_RoundedTriangle_3mm.ubulk" 685
"../../../Engine/Plugins/Animation/ControlRig/Content/Controls/ControlRig_RoundedTriangle_3mm.uasset" 686
"../../../Engine/Plugins/Animation/ControlRig/Content/Controls/ControlRig_RoundedTriangle_3mm.uexp" 687
"../../../Engine/Plugins/Animation/ControlRig/Content/Controls/ControlRig_RoundedTriangle_1mm.ubulk" 688
"../../../Engine/Plugins/Animation/ControlRig/Content/Controls/ControlRig_RoundedTriangle_1mm.uasset" 689
"../../../Engine/Plugins/Animation/ControlRig/Content/Controls/ControlRig_RoundedTriangle_1mm.uexp" 690
"../../../Engine/Plugins/Animation/ControlRig/Content/Controls/ControlRig_RoundedSquare_solid.ubulk" 691
"../../../Engine/Plugins/Animation/ControlRig/Content/Controls/ControlRig_RoundedSquare_solid.uasset" 692
"../../../Engine/Plugins/Animation/ControlRig/Content/Controls/ControlRig_RoundedSquare_solid.uexp" 693
"../../../Engine/Plugins/Animation/ControlRig/Content/Controls/ControlRig_RoundedSquare_3mm.ubulk" 694
"../../../Engine/Plugins/Animation/ControlRig/Content/Controls/ControlRig_RoundedSquare_3mm.uasset" 695
"../../../Engine/Plugins/Animation/ControlRig/Content/Controls/ControlRig_RoundedSquare_3mm.uexp" 696
"../../../Engine/Plugins/Animation/ControlRig/Content/Controls/ControlRig_RoundedSquare_1mm.ubulk" 697
"../../../Engine/Plugins/Animation/ControlRig/Content/Controls/ControlRig_RoundedSquare_1mm.uasset" 698
"../../../Engine/Plugins/Animation/ControlRig/Content/Controls/ControlRig_RoundedSquare_1mm.uexp" 699
"../../../Engine/Plugins/Animation/ControlRig/Content/Controls/ControlRig_QuarterCircle_solid.ubulk" 700
"../../../Engine/Plugins/Animation/ControlRig/Content/Controls/ControlRig_QuarterCircle_solid.uasset" 701
"../../../Engine/Plugins/Animation/ControlRig/Content/Controls/ControlRig_QuarterCircle_solid.uexp" 702
"../../../Engine/Plugins/Animation/ControlRig/Content/Controls/ControlRig_QuarterCircle_3mm.ubulk" 703
"../../../Engine/Plugins/Animation/ControlRig/Content/Controls/ControlRig_QuarterCircle_3mm.uasset" 704
"../../../Engine/Plugins/Animation/ControlRig/Content/Controls/ControlRig_QuarterCircle_3mm.uexp" 705
"../../../Engine/Plugins/Animation/ControlRig/Content/Controls/ControlRig_QuarterCircle_1mm.ubulk" 706
"../../../Engine/Plugins/Animation/ControlRig/Content/Controls/ControlRig_QuarterCircle_1mm.uasset" 707
"../../../Engine/Plugins/Animation/ControlRig/Content/Controls/ControlRig_QuarterCircle_1mm.uexp" 708
"../../../Engine/Plugins/Animation/ControlRig/Content/Controls/ControlRig_Pyramid_solid.ubulk" 709
"../../../Engine/Plugins/Animation/ControlRig/Content/Controls/ControlRig_Pyramid_solid.uasset" 710
"../../../Engine/Plugins/Animation/ControlRig/Content/Controls/ControlRig_Pyramid_solid.uexp" 711
"../../../Engine/Plugins/Animation/ControlRig/Content/Controls/ControlRig_Pyramid_3mm.ubulk" 712
"../../../Engine/Plugins/Animation/ControlRig/Content/Controls/ControlRig_Pyramid_3mm.uasset" 713
"../../../Engine/Plugins/Animation/ControlRig/Content/Controls/ControlRig_Pyramid_3mm.uexp" 714
"../../../Engine/Plugins/Animation/ControlRig/Content/Controls/ControlRig_Pyramid_1mm.ubulk" 715
"../../../Engine/Plugins/Animation/ControlRig/Content/Controls/ControlRig_Pyramid_1mm.uasset" 716
"../../../Engine/Plugins/Animation/ControlRig/Content/Controls/ControlRig_Pyramid_1mm.uexp" 717
"../../../Engine/Plugins/Animation/ControlRig/Content/Controls/ControlRig_Octagon_solid.ubulk" 718
"../../../Engine/Plugins/Animation/ControlRig/Content/Controls/ControlRig_Octagon_solid.uasset" 719
"../../../Engine/Plugins/Animation/ControlRig/Content/Controls/ControlRig_Octagon_solid.uexp" 720
"../../../Engine/Plugins/Animation/ControlRig/Content/Controls/ControlRig_Octagon_3mm.ubulk" 721
"../../../Engine/Plugins/Animation/ControlRig/Content/Controls/ControlRig_Octagon_3mm.uasset" 722
"../../../Engine/Plugins/Animation/ControlRig/Content/Controls/ControlRig_Octagon_3mm.uexp" 723
"../../../Engine/Plugins/Animation/ControlRig/Content/Controls/ControlRig_Octagon_1mm.ubulk" 724
"../../../Engine/Plugins/Animation/ControlRig/Content/Controls/ControlRig_Octagon_1mm.uasset" 725
"../../../Engine/Plugins/Animation/ControlRig/Content/Controls/ControlRig_Octagon_1mm.uexp" 726
"../../../Engine/Plugins/Animation/ControlRig/Content/Controls/ControlRig_Hexagon_solid.ubulk" 727
"../../../Engine/Plugins/Animation/ControlRig/Content/Controls/ControlRig_Hexagon_solid.uasset" 728
"../../../Engine/Plugins/Animation/ControlRig/Content/Controls/ControlRig_Hexagon_solid.uexp" 729
"../../../Engine/Plugins/Animation/ControlRig/Content/Controls/ControlRig_Hexagon_3mm.ubulk" 730
"../../../Engine/Plugins/Animation/ControlRig/Content/Controls/ControlRig_Hexagon_3mm.uasset" 731
"../../../Engine/Plugins/Animation/ControlRig/Content/Controls/ControlRig_Hexagon_3mm.uexp" 732
"../../../Engine/Plugins/Animation/ControlRig/Content/Controls/ControlRig_Hexagon_1mm.ubulk" 733
"../../../Engine/Plugins/Animation/ControlRig/Content/Controls/ControlRig_Hexagon_1mm.uasset" 734
"../../../Engine/Plugins/Animation/ControlRig/Content/Controls/ControlRig_Hexagon_1mm.uexp" 735
"../../../Engine/Plugins/Animation/ControlRig/Content/Controls/ControlRig_HalfCircle_solid.ubulk" 736
"../../../Engine/Plugins/Animation/ControlRig/Content/Controls/ControlRig_HalfCircle_solid.uasset" 737
"../../../Engine/Plugins/Animation/ControlRig/Content/Controls/ControlRig_HalfCircle_solid.uexp" 738
"../../../Engine/Plugins/Animation/ControlRig/Content/Controls/ControlRig_HalfCircle_3mm.ubulk" 739
"../../../Engine/Plugins/Animation/ControlRig/Content/Controls/ControlRig_HalfCircle_3mm.uasset" 740
"../../../Engine/Plugins/Animation/ControlRig/Content/Controls/ControlRig_HalfCircle_3mm.uexp" 741
"../../../Engine/Plugins/Animation/ControlRig/Content/Controls/ControlRig_HalfCircle_1mm.ubulk" 742
"../../../Engine/Plugins/Animation/ControlRig/Content/Controls/ControlRig_HalfCircle_1mm.uasset" 743
"../../../Engine/Plugins/Animation/ControlRig/Content/Controls/ControlRig_HalfCircle_1mm.uexp" 744
"../../../Engine/Plugins/Animation/ControlRig/Content/Controls/ControlRig_Diamond_solid.ubulk" 745
"../../../Engine/Plugins/Animation/ControlRig/Content/Controls/ControlRig_Diamond_solid.uasset" 746
"../../../Engine/Plugins/Animation/ControlRig/Content/Controls/ControlRig_Diamond_solid.uexp" 747
"../../../Engine/Plugins/Animation/ControlRig/Content/Controls/ControlRig_Diamond_3mm.ubulk" 748
"../../../Engine/Plugins/Animation/ControlRig/Content/Controls/ControlRig_Diamond_3mm.uasset" 749
"../../../Engine/Plugins/Animation/ControlRig/Content/Controls/ControlRig_Diamond_3mm.uexp" 750
"../../../Engine/Plugins/Animation/ControlRig/Content/Controls/ControlRig_Diamond_1mm.ubulk" 751
"../../../Engine/Plugins/Animation/ControlRig/Content/Controls/ControlRig_Diamond_1mm.uasset" 752
"../../../Engine/Plugins/Animation/ControlRig/Content/Controls/ControlRig_Diamond_1mm.uexp" 753
"../../../Engine/Plugins/Animation/ControlRig/Content/Controls/ControlRig_Circle_solid.ubulk" 754
"../../../Engine/Plugins/Animation/ControlRig/Content/Controls/ControlRig_Circle_solid.uasset" 755
"../../../Engine/Plugins/Animation/ControlRig/Content/Controls/ControlRig_Circle_solid.uexp" 756
"../../../Engine/Plugins/Animation/ControlRig/Content/Controls/ControlRig_Circle_3mm.ubulk" 757
"../../../Engine/Plugins/Animation/ControlRig/Content/Controls/ControlRig_Circle_3mm.uasset" 758
"../../../Engine/Plugins/Animation/ControlRig/Content/Controls/ControlRig_Circle_3mm.uexp" 759
"../../../Engine/Plugins/Animation/ControlRig/Content/Controls/ControlRig_Circle_1mm.ubulk" 760
"../../../Engine/Plugins/Animation/ControlRig/Content/Controls/ControlRig_Circle_1mm.uasset" 761
"../../../Engine/Plugins/Animation/ControlRig/Content/Controls/ControlRig_Circle_1mm.uexp" 762
"../../../Engine/Plugins/Animation/ControlRig/Content/Controls/ControlRig_Box_solid.ubulk" 763
"../../../Engine/Plugins/Animation/ControlRig/Content/Controls/ControlRig_Box_solid.uasset" 764
"../../../Engine/Plugins/Animation/ControlRig/Content/Controls/ControlRig_Box_solid.uexp" 765
"../../../Engine/Plugins/Animation/ControlRig/Content/Controls/ControlRig_Box_3mm.ubulk" 766
"../../../Engine/Plugins/Animation/ControlRig/Content/Controls/ControlRig_Box_3mm.uasset" 767
"../../../Engine/Plugins/Animation/ControlRig/Content/Controls/ControlRig_Box_3mm.uexp" 768
"../../../Engine/Plugins/Animation/ControlRig/Content/Controls/ControlRig_Box_1mm.ubulk" 769
"../../../Engine/Plugins/Animation/ControlRig/Content/Controls/ControlRig_Box_1mm.uasset" 770
"../../../Engine/Plugins/Animation/ControlRig/Content/Controls/ControlRig_Box_1mm.uexp" 771
"../../../Engine/Plugins/Animation/ControlRig/Content/Controls/ControlRig_Arrow_solid.ubulk" 772
"../../../Engine/Plugins/Animation/ControlRig/Content/Controls/ControlRig_Arrow_solid.uasset" 773
"../../../Engine/Plugins/Animation/ControlRig/Content/Controls/ControlRig_Arrow_solid.uexp" 774
"../../../Engine/Plugins/Animation/ControlRig/Content/Controls/ControlRig_Arrow_3mm.ubulk" 775
"../../../Engine/Plugins/Animation/ControlRig/Content/Controls/ControlRig_Arrow_3mm.uasset" 776
"../../../Engine/Plugins/Animation/ControlRig/Content/Controls/ControlRig_Arrow_3mm.uexp" 777
"../../../Engine/Plugins/Animation/ControlRig/Content/Controls/ControlRig_Arrow_1mm.ubulk" 778
"../../../Engine/Plugins/Animation/ControlRig/Content/Controls/ControlRig_Arrow_1mm.uasset" 779
"../../../Engine/Plugins/Animation/ControlRig/Content/Controls/ControlRig_Arrow_1mm.uexp" 780
"../../../Engine/Plugins/Animation/ControlRig/Content/Controls/ControlRig_Arrow4_solid.ubulk" 781
"../../../Engine/Plugins/Animation/ControlRig/Content/Controls/ControlRig_Arrow4_solid.uasset" 782
"../../../Engine/Plugins/Animation/ControlRig/Content/Controls/ControlRig_Arrow4_solid.uexp" 783
"../../../Engine/Plugins/Animation/ControlRig/Content/Controls/ControlRig_Arrow4_3mm.ubulk" 784
"../../../Engine/Plugins/Animation/ControlRig/Content/Controls/ControlRig_Arrow4_3mm.uasset" 785
"../../../Engine/Plugins/Animation/ControlRig/Content/Controls/ControlRig_Arrow4_3mm.uexp" 786
"../../../Engine/Plugins/Animation/ControlRig/Content/Controls/ControlRig_Arrow4_1mm.ubulk" 787
"../../../Engine/Plugins/Animation/ControlRig/Content/Controls/ControlRig_Arrow4_1mm.uasset" 788
"../../../Engine/Plugins/Animation/ControlRig/Content/Controls/ControlRig_Arrow4_1mm.uexp" 789
"../../../Engine/Plugins/Animation/ControlRig/Content/Controls/ControlRig_Arrow2_solid.ubulk" 790
"../../../Engine/Plugins/Animation/ControlRig/Content/Controls/ControlRig_Arrow2_solid.uasset" 791
"../../../Engine/Plugins/Animation/ControlRig/Content/Controls/ControlRig_Arrow2_solid.uexp" 792
"../../../Engine/Plugins/Animation/ControlRig/Content/Controls/ControlRig_Arrow2_3mm.ubulk" 793
"../../../Engine/Plugins/Animation/ControlRig/Content/Controls/ControlRig_Arrow2_3mm.uasset" 794
"../../../Engine/Plugins/Animation/ControlRig/Content/Controls/ControlRig_Arrow2_3mm.uexp" 795
"../../../Engine/Plugins/Animation/ControlRig/Content/Controls/ControlRig_Arrow2_1mm.ubulk" 796
"../../../Engine/Plugins/Animation/ControlRig/Content/Controls/ControlRig_Arrow2_1mm.uasset" 797
"../../../Engine/Plugins/Animation/ControlRig/Content/Controls/ControlRig_Arrow2_1mm.uexp" 798
"../../../Engine/Plugins/Animation/ControlRig/Content/Controls/ControlRigXRayMaterial.uasset" 799
"../../../Engine/Plugins/Animation/ControlRig/Content/Controls/ControlRigXRayMaterial.uexp" 800
"../../../Engine/Plugins/Animation/ControlRig/Content/Controls/ControlRigGizmoMaterial.uasset" 801
"../../../Engine/Plugins/Animation/ControlRig/Content/Controls/ControlRigGizmoMaterial.uexp" 802
"../../../Engine/Plugins/Editor/SpeedTreeImporter/Content/SpeedTree9/game_wind_noise.ubulk" 803
"../../../Engine/Plugins/Editor/SpeedTreeImporter/Content/SpeedTree9/game_wind_noise.uasset" 804
"../../../Engine/Plugins/Editor/SpeedTreeImporter/Content/SpeedTree9/game_wind_noise.uexp" 805
"../../../Engine/Plugins/Editor/SpeedTreeImporter/Content/SpeedTree9/UnpackDirection.uasset" 806
"../../../Engine/Plugins/Editor/SpeedTreeImporter/Content/SpeedTree9/UnpackDirection.uexp" 807
"../../../Engine/Content/Functions/Engine_MaterialFunctions02/ObjectLocalBounds.uasset" 808
"../../../Engine/Content/Functions/Engine_MaterialFunctions02/ObjectLocalBounds.uexp" 809
"../../../Engine/Content/Functions/Engine_MaterialFunctions02/UVs/BoundingBoxBased_0-1_UVW.uasset" 810
"../../../Engine/Content/Functions/Engine_MaterialFunctions02/UVs/BoundingBoxBased_0-1_UVW.uexp" 811
"../../../Engine/Content/Functions/Engine_MaterialFunctions02/Utility/VectorLength.uasset" 812
"../../../Engine/Content/Functions/Engine_MaterialFunctions02/Utility/VectorLength.uexp" 813
"../../../Engine/Plugins/Editor/SpeedTreeImporter/Content/SpeedTree9/UnpackInteger3.uasset" 814
"../../../Engine/Plugins/Editor/SpeedTreeImporter/Content/SpeedTree9/UnpackInteger3.uexp" 815
"../../../Engine/Plugins/Editor/SpeedTreeImporter/Content/SpeedTree9/SpeedTreeCameraFacing.uasset" 816
"../../../Engine/Plugins/Editor/SpeedTreeImporter/Content/SpeedTree9/SpeedTreeCameraFacing.uexp" 817
"../../../Engine/Content/Functions/Engine_MaterialFunctions02/WorldPositionOffset/ObjectScale.uasset" 818
"../../../Engine/Content/Functions/Engine_MaterialFunctions02/WorldPositionOffset/ObjectScale.uexp" 819
"../../../Engine/Content/Functions/Engine_MaterialFunctions02/SafeNormalize.uasset" 820
"../../../Engine/Content/Functions/Engine_MaterialFunctions02/SafeNormalize.uexp" 821
"../../../Engine/Plugins/Editor/SpeedTreeImporter/Content/SpeedTree9/SpeedTreeWindMotion.uasset" 822
"../../../Engine/Plugins/Editor/SpeedTreeImporter/Content/SpeedTree9/SpeedTreeWindMotion.uexp" 823
"../../../Engine/Plugins/Editor/SpeedTreeImporter/Content/SpeedTree9/SpeedTreeBranchMotion.uasset" 824
"../../../Engine/Plugins/Editor/SpeedTreeImporter/Content/SpeedTree9/SpeedTreeBranchMotion.uexp" 825
"../../../Engine/Plugins/Editor/SpeedTreeImporter/Content/SpeedTree9/SpeedTreeWind.uasset" 826
"../../../Engine/Plugins/Editor/SpeedTreeImporter/Content/SpeedTree9/SpeedTreeWind.uexp" 827
"../../../Engine/Plugins/Editor/SpeedTreeImporter/Content/SpeedTree9/EmptyNormal.uasset" 828
"../../../Engine/Plugins/Editor/SpeedTreeImporter/Content/SpeedTree9/EmptyNormal.uexp" 829
"../../../Engine/Plugins/Editor/SpeedTreeImporter/Content/SpeedTree9/Empty.uasset" 830
"../../../Engine/Plugins/Editor/SpeedTreeImporter/Content/SpeedTree9/Empty.uexp" 831
"../../../Engine/Plugins/Editor/SpeedTreeImporter/Content/SpeedTree9/SpeedTreeMaster.uasset" 832
"../../../Engine/Plugins/Editor/SpeedTreeImporter/Content/SpeedTree9/SpeedTreeMaster.uexp" 833
"../../../Engine/Plugins/Editor/SpeedTreeImporter/Content/SpeedTree9/SpeedTreeBillboard.uasset" 834
"../../../Engine/Plugins/Editor/SpeedTreeImporter/Content/SpeedTree9/SpeedTreeBillboard.uexp" 835
"../../../Engine/Plugins/Editor/SpeedTreeImporter/Content/SpeedTree9/SpeedTreeBillboardMaster.uasset" 836
"../../../Engine/Plugins/Editor/SpeedTreeImporter/Content/SpeedTree9/SpeedTreeBillboardMaster.uexp" 837
"../../../Engine/Plugins/Interchange/Runtime/Content/Pipelines/DefaultMaterialPipeline.uasset" 838
"../../../Engine/Plugins/Interchange/Runtime/Content/Pipelines/DefaultMaterialPipeline.uexp" 839
"../../../Engine/Plugins/Interchange/Runtime/Content/Pipelines/DefaultSceneLevelPipeline.uasset" 840
"../../../Engine/Plugins/Interchange/Runtime/Content/Pipelines/DefaultSceneLevelPipeline.uexp" 841
"../../../Engine/Plugins/Interchange/Runtime/Content/Pipelines/DefaultSceneAssetsPipeline.uasset" 842
"../../../Engine/Plugins/Interchange/Runtime/Content/Pipelines/DefaultSceneAssetsPipeline.uexp" 843
"../../../Engine/Content/Functions/Engine_MaterialFunctions02/Texturing/CustomRotator.uasset" 844
"../../../Engine/Content/Functions/Engine_MaterialFunctions02/Texturing/CustomRotator.uexp" 845
"../../../Engine/Content/Functions/Engine_MaterialFunctions02/Texturing/ScreenAlignedPixelToPixelUVs.uasset" 846
"../../../Engine/Content/Functions/Engine_MaterialFunctions02/Texturing/ScreenAlignedPixelToPixelUVs.uexp" 847
"../../../Engine/Plugins/Interchange/Runtime/Content/Utilities/T_Bayer64_Grayscale_64px.uasset" 848
"../../../Engine/Plugins/Interchange/Runtime/Content/Utilities/T_Bayer64_Grayscale_64px.uexp" 849
"../../../Engine/Plugins/Interchange/Runtime/Content/gltf/MaterialFunctions/MF_Temporal_Blur.uasset" 850
"../../../Engine/Plugins/Interchange/Runtime/Content/gltf/MaterialFunctions/MF_Temporal_Blur.uexp" 851
"../../../Engine/Plugins/Interchange/Runtime/Content/gltf/MaterialFunctions/MF_Fresnel_DS.uasset" 852
"../../../Engine/Plugins/Interchange/Runtime/Content/gltf/MaterialFunctions/MF_Fresnel_DS.uexp" 853
"../../../Engine/Plugins/Interchange/Runtime/Content/Functions/MX_Transmission.uasset" 854
"../../../Engine/Plugins/Interchange/Runtime/Content/Functions/MX_Transmission.uexp" 855
"../../../Engine/Plugins/Interchange/Runtime/Content/Functions/MX_StandardSurface.uasset" 856
"../../../Engine/Plugins/Interchange/Runtime/Content/Functions/MX_StandardSurface.uexp" 857
"../../../Engine/Plugins/Interchange/Runtime/Content/Functions/MX_TransmissionSurface.uasset" 858
"../../../Engine/Plugins/Interchange/Runtime/Content/Functions/MX_TransmissionSurface.uexp" 859
"../../../Engine/Content/Functions/Engine_MaterialFunctions02/Math/AddComponents.uasset" 860
"../../../Engine/Content/Functions/Engine_MaterialFunctions02/Math/AddComponents.uexp" 861
"../../../Engine/Content/Functions/Engine_MaterialFunctions02/WorldPositionOffset/V2/ObjectScale.uasset" 862
"../../../Engine/Content/Functions/Engine_MaterialFunctions02/WorldPositionOffset/V2/ObjectScale.uexp" 863
"../../../Engine/Plugins/Interchange/Runtime/Content/gltf/MaterialFunctions/MF_TransmissionOpacity.uasset" 864
"../../../Engine/Plugins/Interchange/Runtime/Content/gltf/MaterialFunctions/MF_TransmissionOpacity.uexp" 865
"../../../Engine/Plugins/Interchange/Runtime/Content/gltf/MaterialFunctions/MF_RotateV2.uasset" 866
"../../../Engine/Plugins/Interchange/Runtime/Content/gltf/MaterialFunctions/MF_RotateV2.uexp" 867
"../../../Engine/Plugins/Interchange/Runtime/Content/gltf/MaterialFunctions/MF_TransformUVs.uasset" 868
"../../../Engine/Plugins/Interchange/Runtime/Content/gltf/MaterialFunctions/MF_TransformUVs.uexp" 869
"../../../Engine/Plugins/Interchange/Runtime/Content/gltf/Textures/T_White_srgb.uasset" 870
"../../../Engine/Plugins/Interchange/Runtime/Content/gltf/Textures/T_White_srgb.uexp" 871
"../../../Engine/Plugins/Interchange/Runtime/Content/gltf/MaterialFunctions/MF_BaseColor.uasset" 872
"../../../Engine/Plugins/Interchange/Runtime/Content/gltf/MaterialFunctions/MF_BaseColor.uexp" 873
"../../../Engine/Plugins/Interchange/Runtime/Content/gltf/MaterialFunctions/MF_DiffuseSpecGloss.uasset" 874
"../../../Engine/Plugins/Interchange/Runtime/Content/gltf/MaterialFunctions/MF_DiffuseSpecGloss.uexp" 875
"../../../Engine/Plugins/Interchange/Runtime/Content/gltf/Textures/T_White_Linear.uasset" 876
"../../../Engine/Plugins/Interchange/Runtime/Content/gltf/Textures/T_White_Linear.uexp" 877
"../../../Engine/Plugins/Interchange/Runtime/Content/gltf/MaterialFunctions/MF_MetallicRoughness.uasset" 878
"../../../Engine/Plugins/Interchange/Runtime/Content/gltf/MaterialFunctions/MF_MetallicRoughness.uexp" 879
"../../../Engine/Plugins/Interchange/Runtime/Content/gltf/MaterialFunctions/MF_Transmission.uasset" 880
"../../../Engine/Plugins/Interchange/Runtime/Content/gltf/MaterialFunctions/MF_Transmission.uexp" 881
"../../../Engine/Plugins/Interchange/Runtime/Content/gltf/MaterialFunctions/MF_Occlusion.uasset" 882
"../../../Engine/Plugins/Interchange/Runtime/Content/gltf/MaterialFunctions/MF_Occlusion.uexp" 883
"../../../Engine/Plugins/Interchange/Runtime/Content/gltf/MaterialFunctions/MF_Specular.uasset" 884
"../../../Engine/Plugins/Interchange/Runtime/Content/gltf/MaterialFunctions/MF_Specular.uexp" 885
"../../../Engine/Plugins/Interchange/Runtime/Content/gltf/MaterialFunctions/MF_IOR.uasset" 886
"../../../Engine/Plugins/Interchange/Runtime/Content/gltf/MaterialFunctions/MF_IOR.uexp" 887
"../../../Engine/Content/Functions/Engine_MaterialFunctions01/Texturing/FlattenNormal.uasset" 888
"../../../Engine/Content/Functions/Engine_MaterialFunctions01/Texturing/FlattenNormal.uexp" 889
"../../../Engine/Content/Functions/Engine_MaterialFunctions02/Math/Transform3x3Matrix.uasset" 890
"../../../Engine/Content/Functions/Engine_MaterialFunctions02/Math/Transform3x3Matrix.uexp" 891
"../../../Engine/Plugins/Interchange/Runtime/Content/gltf/MaterialFunctions/MF_RotateNormals_TS.uasset" 892
"../../../Engine/Plugins/Interchange/Runtime/Content/gltf/MaterialFunctions/MF_RotateNormals_TS.uexp" 893
"../../../Engine/Plugins/Interchange/Runtime/Content/gltf/Textures/T_Generic_N.uasset" 894
"../../../Engine/Plugins/Interchange/Runtime/Content/gltf/Textures/T_Generic_N.uexp" 895
"../../../Engine/Plugins/Interchange/Runtime/Content/gltf/MaterialFunctions/MF_Normals.uasset" 896
"../../../Engine/Plugins/Interchange/Runtime/Content/gltf/MaterialFunctions/MF_Normals.uexp" 897
"../../../Engine/Plugins/Interchange/Runtime/Content/gltf/MaterialFunctions/MF_PerceivedBrightness.uasset" 898
"../../../Engine/Plugins/Interchange/Runtime/Content/gltf/MaterialFunctions/MF_PerceivedBrightness.uexp" 899
"../../../Engine/Plugins/Interchange/Runtime/Content/gltf/MaterialFunctions/MF_SpecGlossToMetalRoughness.uasset" 900
"../../../Engine/Plugins/Interchange/Runtime/Content/gltf/MaterialFunctions/MF_SpecGlossToMetalRoughness.uexp" 901
"../../../Engine/Plugins/Interchange/Runtime/Content/gltf/M_Transmission.uasset" 902
"../../../Engine/Plugins/Interchange/Runtime/Content/gltf/M_Transmission.uexp" 903
"../../../Engine/Plugins/Interchange/Runtime/Content/gltf/MaterialInstances_MR/MI_Transmission_TS.uasset" 904
"../../../Engine/Plugins/Interchange/Runtime/Content/gltf/MaterialInstances_MR/MI_Transmission_TS.uexp" 905
"../../../Engine/Plugins/Interchange/Runtime/Content/gltf/MaterialInstances_MR/MI_Transmission.uasset" 906
"../../../Engine/Plugins/Interchange/Runtime/Content/gltf/MaterialInstances_MR/MI_Transmission.uexp" 907
"../../../Engine/Plugins/Interchange/Runtime/Content/gltf/MaterialFunctions/MF_Clearcoat.uasset" 908
"../../../Engine/Plugins/Interchange/Runtime/Content/gltf/MaterialFunctions/MF_Clearcoat.uexp" 909
"../../../Engine/Plugins/Interchange/Runtime/Content/gltf/MaterialFunctions/MF_Emissive.uasset" 910
"../../../Engine/Plugins/Interchange/Runtime/Content/gltf/MaterialFunctions/MF_Emissive.uexp" 911
"../../../Engine/Plugins/Interchange/Runtime/Content/gltf/M_Translucent.uasset" 912
"../../../Engine/Plugins/Interchange/Runtime/Content/gltf/M_Translucent.uexp" 913
"../../../Engine/Plugins/Interchange/Runtime/Content/gltf/MaterialInstances_MR/MI_Translucent_TS.uasset" 914
"../../../Engine/Plugins/Interchange/Runtime/Content/gltf/MaterialInstances_MR/MI_Translucent_TS.uexp" 915
"../../../Engine/Plugins/Interchange/Runtime/Content/gltf/MaterialInstances_MR/MI_Translucent_ClearCoat_TS.uasset" 916
"../../../Engine/Plugins/Interchange/Runtime/Content/gltf/MaterialInstances_MR/MI_Translucent_ClearCoat_TS.uexp" 917
"../../../Engine/Plugins/Interchange/Runtime/Content/gltf/MaterialInstances_MR/MI_Translucent_ClearCoat.uasset" 918
"../../../Engine/Plugins/Interchange/Runtime/Content/gltf/MaterialInstances_MR/MI_Translucent_ClearCoat.uexp" 919
"../../../Engine/Plugins/Interchange/Runtime/Content/gltf/MaterialInstances_MR/MI_Translucent.uasset" 920
"../../../Engine/Plugins/Interchange/Runtime/Content/gltf/MaterialInstances_MR/MI_Translucent.uexp" 921
"../../../Engine/Plugins/Interchange/Runtime/Content/gltf/M_Unlit.uasset" 922
"../../../Engine/Plugins/Interchange/Runtime/Content/gltf/M_Unlit.uexp" 923
"../../../Engine/Plugins/Interchange/Runtime/Content/gltf/MaterialInstances_MR/MI_Opaque_Unlit_TS.uasset" 924
"../../../Engine/Plugins/Interchange/Runtime/Content/gltf/MaterialInstances_MR/MI_Opaque_Unlit_TS.uexp" 925
"../../../Engine/Plugins/Interchange/Runtime/Content/gltf/MaterialInstances_MR/MI_Opaque_Unlit.uasset" 926
"../../../Engine/Plugins/Interchange/Runtime/Content/gltf/MaterialInstances_MR/MI_Opaque_Unlit.uexp" 927
"../../../Engine/Plugins/Interchange/Runtime/Content/gltf/M_Opaque.uasset" 928
"../../../Engine/Plugins/Interchange/Runtime/Content/gltf/M_Opaque.uexp" 929
"../../../Engine/Plugins/Interchange/Runtime/Content/gltf/MaterialInstances_MR/MI_Opaque_TS.uasset" 930
"../../../Engine/Plugins/Interchange/Runtime/Content/gltf/MaterialInstances_MR/MI_Opaque_TS.uexp" 931
"../../../Engine/Plugins/Interchange/Runtime/Content/gltf/MaterialFunctions/MF_Sheen.uasset" 932
"../../../Engine/Plugins/Interchange/Runtime/Content/gltf/MaterialFunctions/MF_Sheen.uexp" 933
"../../../Engine/Content/Functions/Engine_MaterialFunctions01/Shading/FuzzyShading.uasset" 934
"../../../Engine/Content/Functions/Engine_MaterialFunctions01/Shading/FuzzyShading.uexp" 935
"../../../Engine/Plugins/Interchange/Runtime/Content/gltf/M_Sheen.uasset" 936
"../../../Engine/Plugins/Interchange/Runtime/Content/gltf/M_Sheen.uexp" 937
"../../../Engine/Plugins/Interchange/Runtime/Content/gltf/MaterialInstances_MR/MI_Opaque_Sheen_TS.uasset" 938
"../../../Engine/Plugins/Interchange/Runtime/Content/gltf/MaterialInstances_MR/MI_Opaque_Sheen_TS.uexp" 939
"../../../Engine/Plugins/Interchange/Runtime/Content/gltf/MaterialInstances_MR/MI_Opaque_Sheen.uasset" 940
"../../../Engine/Plugins/Interchange/Runtime/Content/gltf/MaterialInstances_MR/MI_Opaque_Sheen.uexp" 941
"../../../Engine/Plugins/Interchange/Runtime/Content/gltf/MaterialInstances_MR/MI_Opaque_ClearCoat_TS.uasset" 942
"../../../Engine/Plugins/Interchange/Runtime/Content/gltf/MaterialInstances_MR/MI_Opaque_ClearCoat_TS.uexp" 943
"../../../Engine/Plugins/Interchange/Runtime/Content/gltf/MaterialInstances_MR/MI_Opaque_ClearCoat.uasset" 944
"../../../Engine/Plugins/Interchange/Runtime/Content/gltf/MaterialInstances_MR/MI_Opaque_ClearCoat.uexp" 945
"../../../Engine/Plugins/Interchange/Runtime/Content/gltf/MaterialInstances_MR/MI_Opaque.uasset" 946
"../../../Engine/Plugins/Interchange/Runtime/Content/gltf/MaterialInstances_MR/MI_Opaque.uexp" 947
"../../../Engine/Plugins/Interchange/Runtime/Content/gltf/MaterialInstances_SG/MI_Transmission_TS.uasset" 948
"../../../Engine/Plugins/Interchange/Runtime/Content/gltf/MaterialInstances_SG/MI_Transmission_TS.uexp" 949
"../../../Engine/Plugins/Interchange/Runtime/Content/gltf/MaterialInstances_SG/MI_Transmission.uasset" 950
"../../../Engine/Plugins/Interchange/Runtime/Content/gltf/MaterialInstances_SG/MI_Transmission.uexp" 951
"../../../Engine/Plugins/Interchange/Runtime/Content/gltf/MaterialInstances_SG/MI_Translucent_TS.uasset" 952
"../../../Engine/Plugins/Interchange/Runtime/Content/gltf/MaterialInstances_SG/MI_Translucent_TS.uexp" 953
"../../../Engine/Plugins/Interchange/Runtime/Content/gltf/MaterialInstances_SG/MI_Translucent_ClearCoat_TS.uasset" 954
"../../../Engine/Plugins/Interchange/Runtime/Content/gltf/MaterialInstances_SG/MI_Translucent_ClearCoat_TS.uexp" 955
"../../../Engine/Plugins/Interchange/Runtime/Content/gltf/MaterialInstances_SG/MI_Translucent_ClearCoat.uasset" 956
"../../../Engine/Plugins/Interchange/Runtime/Content/gltf/MaterialInstances_SG/MI_Translucent_ClearCoat.uexp" 957
"../../../Engine/Plugins/Interchange/Runtime/Content/gltf/MaterialInstances_SG/MI_Translucent.uasset" 958
"../../../Engine/Plugins/Interchange/Runtime/Content/gltf/MaterialInstances_SG/MI_Translucent.uexp" 959
"../../../Engine/Plugins/Interchange/Runtime/Content/gltf/MaterialInstances_SG/MI_Opaque_TS.uasset" 960
"../../../Engine/Plugins/Interchange/Runtime/Content/gltf/MaterialInstances_SG/MI_Opaque_TS.uexp" 961
"../../../Engine/Plugins/Interchange/Runtime/Content/gltf/MaterialInstances_SG/MI_Opaque_Sheen_TS.uasset" 962
"../../../Engine/Plugins/Interchange/Runtime/Content/gltf/MaterialInstances_SG/MI_Opaque_Sheen_TS.uexp" 963
"../../../Engine/Plugins/Interchange/Runtime/Content/gltf/MaterialInstances_SG/MI_Opaque_Sheen.uasset" 964
"../../../Engine/Plugins/Interchange/Runtime/Content/gltf/MaterialInstances_SG/MI_Opaque_Sheen.uexp" 965
"../../../Engine/Plugins/Interchange/Runtime/Content/gltf/MaterialInstances_SG/MI_Opaque_ClearCoat_TS.uasset" 966
"../../../Engine/Plugins/Interchange/Runtime/Content/gltf/MaterialInstances_SG/MI_Opaque_ClearCoat_TS.uexp" 967
"../../../Engine/Plugins/Interchange/Runtime/Content/gltf/MaterialInstances_SG/MI_Opaque_ClearCoat.uasset" 968
"../../../Engine/Plugins/Interchange/Runtime/Content/gltf/MaterialInstances_SG/MI_Opaque_ClearCoat.uexp" 969
"../../../Engine/Plugins/Interchange/Runtime/Content/gltf/MaterialInstances_SG/MI_Opaque.uasset" 970
"../../../Engine/Plugins/Interchange/Runtime/Content/gltf/MaterialInstances_SG/MI_Opaque.uexp" 971
"X:/Leerdoelen-2023/Save-And-Load/Project/Content/SaveGame/Tutorial-02/SaveSlot_UI.uasset" 972
"X:/Leerdoelen-2023/Save-And-Load/Project/Content/SaveGame/Tutorial-02/SaveSlot_UI.uexp" 973
"X:/Leerdoelen-2023/Save-And-Load/Project/Content/SaveGame/Tutorial-02/MainMenu_UI.uasset" 974
"X:/Leerdoelen-2023/Save-And-Load/Project/Content/SaveGame/Tutorial-02/MainMenu_UI.uexp" 975
"X:/Leerdoelen-2023/Save-And-Load/Project/Content/SaveGame/Tutorial-02/MainMenu.uexp" 976
"X:/Leerdoelen-2023/Save-And-Load/Project/Content/SaveGame/Tutorial-02/MainMenu.umap" 977
"../../../Engine/Content/Maps/Templates/HLODs/HLODLayer_Instanced.uasset" 978
"../../../Engine/Content/Maps/Templates/HLODs/HLODLayer_Instanced.uexp" 979
"X:/Leerdoelen-2023/Save-And-Load/Project/Content/ThirdPerson/Blueprints/BP_ThirdPersonGameMode.uasset" 980
"X:/Leerdoelen-2023/Save-And-Load/Project/Content/ThirdPerson/Blueprints/BP_ThirdPersonGameMode.uexp" 981
"X:/Leerdoelen-2023/Save-And-Load/Project/Content/ThirdPerson/Maps/ThirdPersonMap.uexp" 982
"X:/Leerdoelen-2023/Save-And-Load/Project/Content/ThirdPerson/Maps/ThirdPersonMap.umap" 983
"../../../Engine/Content/Maps/Entry_BuiltData.uasset" 984
"../../../Engine/Content/Maps/Entry_BuiltData.uexp" 985
"../../../Engine/Content/Maps/Entry.uexp" 986
"../../../Engine/Content/Maps/Entry.umap" 987
