[+] Containers:
 |- [+] Container: /Game/ThirdPerson/Maps/ThirdPersonMap
 |   |- [+] ActorDescs:
 |   |   |- Guid:08F9DC56444CFFF3F13B379E81EF05BC BaseClass: NativeClass:/Script/Engine.StaticMeshActor Name:StaticMeshActor_16 Label:SM_Cube11 SpatiallyLoaded:1 Bounds:IsValid=true, Min=(X=400.000 Y=2600.000 Z=0.000), Max=(X=700.000 Y=2900.000 Z=200.000) RuntimeGrid:None EditorOnly:0 RuntimeOnly:0 HLODRelevant:1 FolderPath:Block03 FolderGuid:7B7009C345D3D6DD94D3429E1D79C034
 |   |   |- Guid:0A733B864C327F0B589EC8BBDD0265BC BaseClass: NativeClass:/Script/Engine.StaticMeshActor Name:StaticMeshActor_13 Label:SM_Cube9 SpatiallyLoaded:1 Bounds:IsValid=true, Min=(X=1800.000 Y=1500.000 Z=0.000), Max=(X=2000.000 Y=2200.000 Z=100.000) RuntimeGrid:None EditorOnly:0 RuntimeOnly:0 HLODRelevant:1 FolderPath:Block01 FolderGuid:7D23E5AE4C2A421F86AF6986D87E6D05
 |   |   |- Guid:1B9598344A1F20E1A5125DA8A7E9FC0F BaseClass: NativeClass:/Script/Engine.StaticMeshActor Name:StaticMeshActor_22 Label:SM_QuarterCylinder4 SpatiallyLoaded:1 Bounds:IsValid=true, Min=(X=300.000 Y=2600.000 Z=0.000), Max=(X=400.000 Y=2700.000 Z=200.000) RuntimeGrid:None EditorOnly:0 RuntimeOnly:0 HLODRelevant:1 FolderPath:Block03 FolderGuid:7B7009C345D3D6DD94D3429E1D79C034
 |   |   |- Guid:2448D5894525095E3C77DDB6C5D68ABE BaseClass: NativeClass:/Script/Engine.TextRenderActor Name:TextRenderActor_UAID_C0B5D7B3A2A66B8801_1190452607 Label:ExplanationText SpatiallyLoaded:1 Bounds:IsValid=true, Min=(X=158.000 Y=150.000 Z=100.000), Max=(X=692.000 Y=150.000 Z=308.000) RuntimeGrid:None EditorOnly:0 RuntimeOnly:0 HLODRelevant:0
 |   |   |- Guid:26B8C3BE41021A3F42B61FA534F9181E BaseClass: NativeClass:/Script/Engine.StaticMeshActor Name:StaticMeshActor_20 Label:SM_Cube12 SpatiallyLoaded:1 Bounds:IsValid=true, Min=(X=2500.000 Y=2700.000 Z=0.000), Max=(X=2600.000 Y=2800.000 Z=200.000) RuntimeGrid:None EditorOnly:0 RuntimeOnly:0 HLODRelevant:1 FolderPath:Block02 FolderGuid:EBA23F8248252949750E43911A3A1CDD
 |   |   |- Guid:2FB58999456391D349DC0F86DAC136ED BaseClass: NativeClass:/Script/Engine.SkyLight Name:SkyLight_1 Label:SkyLight SpatiallyLoaded:0 Bounds:IsValid=true, Min=(X=0.000 Y=0.000 Z=690.000), Max=(X=0.000 Y=0.000 Z=690.000) RuntimeGrid:None EditorOnly:0 RuntimeOnly:0 HLODRelevant:0 FolderPath:Lighting FolderGuid:963EC3EB4002CCE9759E2EBA541A873A
 |   |   |- Guid:316CF2A6494ACA4C0E4180A87D36AB8F BaseClass: NativeClass:/Script/Engine.ExponentialHeightFog Name:ExponentialHeightFog_0 Label:ExponentialHeightFog SpatiallyLoaded:0 Bounds:IsValid=true, Min=(X=-5600.000 Y=-50.000 Z=-6850.000), Max=(X=-5600.000 Y=-50.000 Z=-6850.000) RuntimeGrid:None EditorOnly:0 RuntimeOnly:0 HLODRelevant:0 FolderPath:Lighting FolderGuid:963EC3EB4002CCE9759E2EBA541A873A
 |   |   |- Guid:3A00AA1C422CE54C0BDB60BAF471BFBB BaseClass: NativeClass:/Script/Engine.PlayerStart Name:PlayerStart_0 Label:PlayerStart SpatiallyLoaded:0 Bounds:IsValid=true, Min=(X=860.000 Y=1070.000 Z=0.013), Max=(X=940.000 Y=1150.000 Z=184.013) RuntimeGrid:None EditorOnly:0 RuntimeOnly:0 HLODRelevant:0
 |   |   |- Guid:43815E84492231AFC407F59E3C28176B BaseClass: NativeClass:/Script/Engine.StaticMeshActor Name:StaticMeshActor_4 Label:SM_Cube6 SpatiallyLoaded:1 Bounds:IsValid=true, Min=(X=2900.000 Y=100.000 Z=0.000), Max=(X=3000.000 Y=3400.000 Z=400.000) RuntimeGrid:None EditorOnly:0 RuntimeOnly:0 HLODRelevant:1 FolderPath:Playground FolderGuid:C73F09FC4215536B1DCE2A9E0A830C70
 |   |   |- Guid:4A5FC78E48B6DC8D2026B19F8E711164 BaseClass:/Game/Platforms/Loading/BP_Load-System-01.BP_Load-System-01_C NativeClass:/Script/Engine.Actor Name:BP_Load-System_C_UAID_C0B5D7B3A2A6258801_1366666287 Label:BP_Load-System SpatiallyLoaded:1 Bounds:IsValid=true, Min=(X=505.341 Y=152.508 Z=-12.500), Max=(X=696.441 Y=337.500 Z=51.059) RuntimeGrid:None EditorOnly:0 RuntimeOnly:0 HLODRelevant:1
 |   |   |- Guid:4D3BE93F4146AAAC8BBE79999D96D57F BaseClass: NativeClass:/Script/Engine.VolumetricCloud Name:VolumetricCloud_0 Label:VolumetricCloud SpatiallyLoaded:0 Bounds:IsValid=true, Min=(X=0.000 Y=0.000 Z=820.000), Max=(X=0.000 Y=0.000 Z=820.000) RuntimeGrid:None EditorOnly:0 RuntimeOnly:0 HLODRelevant:0 FolderPath:Lighting FolderGuid:963EC3EB4002CCE9759E2EBA541A873A
 |   |   |- Guid:526FB7CA466EE13D413F01965D2F72B0 BaseClass:/Game/Platforms/Score/BP_ResetPoints.BP_ResetPoints_C NativeClass:/Script/Engine.Actor Name:BP_ResetPoints_C_UAID_C0B5D7B3A2A6128801_2016770943 Label:BP_ResetPoints SpatiallyLoaded:1 Bounds:IsValid=true, Min=(X=1316.933 Y=2181.647 Z=177.500), Max=(X=1491.933 Y=2291.034 Z=241.059) RuntimeGrid:None EditorOnly:0 RuntimeOnly:0 HLODRelevant:1
 |   |   |- Guid:59CE89D047C75FBE41189BA8ABD2CA2A BaseClass: NativeClass:/Script/Engine.StaticMeshActor Name:StaticMeshActor_18 Label:SM_QuarterCylinder SpatiallyLoaded:1 Bounds:IsValid=true, Min=(X=2500.000 Y=2800.000 Z=0.000), Max=(X=2600.000 Y=2900.000 Z=200.000) RuntimeGrid:None EditorOnly:0 RuntimeOnly:0 HLODRelevant:1 FolderPath:Block02 FolderGuid:EBA23F8248252949750E43911A3A1CDD
 |   |   |- Guid:6469C3DC456922C313DA0293FEA058AF BaseClass:/Game/Platforms/Saving/BP_Save-System-01.BP_Save-System-01_C NativeClass:/Script/Engine.Actor Name:BP_Save-System_C_UAID_C0B5D7B3A2A6258801_1495459288 Label:BP_Save-System SpatiallyLoaded:1 Bounds:IsValid=true, Min=(X=155.954 Y=152.508 Z=-12.500), Max=(X=345.829 Y=337.500 Z=51.059) RuntimeGrid:None EditorOnly:0 RuntimeOnly:0 HLODRelevant:1
 |   |   |- Guid:6BAF4DDD444C60371492D3919DB42C97 BaseClass: NativeClass:/Script/Engine.WorldDataLayers Name:WorldDataLayers Label:WorldDataLayers SpatiallyLoaded:0 Bounds:IsValid=true, Min=(X=0.000 Y=0.000 Z=0.000), Max=(X=0.000 Y=0.000 Z=0.000) RuntimeGrid:None EditorOnly:0 RuntimeOnly:0 HLODRelevant:0
 |   |   |- Guid:6CDBE45B49E9B1AB6B2D8497A6492F3B BaseClass: NativeClass:/Script/Engine.TextRenderActor Name:TextRenderActor_UAID_C0B5D7B3A2A6738801_1089794019 Label:ExplanationText2 SpatiallyLoaded:1 Bounds:IsValid=true, Min=(X=1168.000 Y=150.000 Z=150.000), Max=(X=1782.000 Y=150.000 Z=280.000) RuntimeGrid:None EditorOnly:0 RuntimeOnly:0 HLODRelevant:0
 |   |   |- Guid:745A095B4BA4E157E4537FA63F5B7B43 BaseClass: NativeClass:/Script/Engine.StaticMeshActor Name:StaticMeshActor_2 Label:SM_ChamferCube SpatiallyLoaded:1 Bounds:IsValid=true, Min=(X=1100.000 Y=2000.000 Z=0.013), Max=(X=1200.000 Y=2100.000 Z=100.013) RuntimeGrid:None EditorOnly:0 RuntimeOnly:0 HLODRelevant:0
 |   |   |- Guid:7587444F4FB13B9B9CD114BBE7885340 BaseClass: NativeClass:/Script/Engine.StaticMeshActor Name:StaticMeshActor_19 Label:SM_QuarterCylinder2 SpatiallyLoaded:1 Bounds:IsValid=true, Min=(X=2500.000 Y=2600.000 Z=0.000), Max=(X=2600.000 Y=2700.000 Z=200.000) RuntimeGrid:None EditorOnly:0 RuntimeOnly:0 HLODRelevant:1 FolderPath:Block02 FolderGuid:EBA23F8248252949750E43911A3A1CDD
 |   |   |- Guid:79C9B0C246824948C2428ABA13657451 BaseClass: NativeClass:/Script/Engine.StaticMeshActor Name:StaticMeshActor_25 Label:SM_QuarterCylinder6 SpatiallyLoaded:1 Bounds:IsValid=true, Min=(X=1200.000 Y=2200.000 Z=0.000), Max=(X=1300.000 Y=2300.000 Z=200.000) RuntimeGrid:None EditorOnly:0 RuntimeOnly:0 HLODRelevant:1 FolderPath:Block01 FolderGuid:7D23E5AE4C2A421F86AF6986D87E6D05
 |   |   |- Guid:8220FB4C4C565CA72984228EB219DC00 BaseClass:/Game/Platforms/Score/BP_SubtractPoints.BP_SubtractPoints_C NativeClass:/Script/Engine.Actor Name:JumpPlateRed_C_UAID_C0B5D7B3A2A6838701_1694138782 Label:JumpPlateRed SpatiallyLoaded:1 Bounds:IsValid=true, Min=(X=1542.666 Y=1710.508 Z=177.500), Max=(X=1839.116 Y=1895.500 Z=241.059) RuntimeGrid:None EditorOnly:0 RuntimeOnly:0 HLODRelevant:1
 |   |   |- Guid:961864A84FF6F65B68F2A3BE5819D538 BaseClass: NativeClass:/Script/Engine.StaticMeshActor Name:StaticMeshActor_8 Label:SM_Cube4 SpatiallyLoaded:1 Bounds:IsValid=true, Min=(X=1200.000 Y=1700.000 Z=0.000), Max=(X=1800.000 Y=2200.000 Z=200.000) RuntimeGrid:None EditorOnly:0 RuntimeOnly:0 HLODRelevant:1 FolderPath:Block01 FolderGuid:7D23E5AE4C2A421F86AF6986D87E6D05
 |   |   |- Guid:9765ECF54858C165188C95B28D88016B BaseClass: NativeClass:/Script/Engine.StaticMeshActor Name:StaticMeshActor_12 Label:SM_Cube8 SpatiallyLoaded:1 Bounds:IsValid=true, Min=(X=1300.000 Y=2600.000 Z=0.000), Max=(X=2500.000 Y=2900.000 Z=200.000) RuntimeGrid:None EditorOnly:0 RuntimeOnly:0 HLODRelevant:1 FolderPath:Block02 FolderGuid:EBA23F8248252949750E43911A3A1CDD
 |   |   |- Guid:9BFF363746062F457E2F92A4631DBA20 BaseClass: NativeClass:/Script/Engine.StaticMeshActor Name:StaticMeshActor_11 Label:SM_ChamferCube3 SpatiallyLoaded:1 Bounds:IsValid=true, Min=(X=481.699 Y=2271.699 Z=0.013), Max=(X=618.301 Y=2408.301 Z=100.013) RuntimeGrid:None EditorOnly:0 RuntimeOnly:0 HLODRelevant:0
 |   |   |- Guid:9E8CAF0243FFE50349E2EA88BFE70582 BaseClass:/Game/Platforms/Score/BP_AddPoints.BP_AddPoints_C NativeClass:/Script/Engine.Actor Name:BP_AddPoints_C_UAID_C0B5D7B3A2A6138801_1545955120 Label:BP_AddPoints SpatiallyLoaded:1 Bounds:IsValid=true, Min=(X=1190.148 Y=1707.922 Z=177.500), Max=(X=1430.248 Y=1892.914 Z=241.059) RuntimeGrid:None EditorOnly:0 RuntimeOnly:0 HLODRelevant:1
 |   |   |- Guid:A56216954B2165CF0F35A886B537D536 BaseClass: NativeClass:/Script/Engine.StaticMeshActor Name:StaticMeshActor_0 Label:SM_Cube5 SpatiallyLoaded:1 Bounds:IsValid=true, Min=(X=-0.000 Y=100.000 Z=0.000), Max=(X=100.000 Y=3400.000 Z=400.000) RuntimeGrid:None EditorOnly:0 RuntimeOnly:0 HLODRelevant:1 FolderPath:Playground FolderGuid:C73F09FC4215536B1DCE2A9E0A830C70
 |   |   |- Guid:AB74120142217676C6EC818E6B49412B BaseClass: NativeClass:/Script/Engine.StaticMeshActor Name:StaticMeshActor_15 Label:SM_Cube10 SpatiallyLoaded:1 Bounds:IsValid=true, Min=(X=1800.000 Y=2100.000 Z=100.000), Max=(X=2000.000 Y=2200.000 Z=200.000) RuntimeGrid:None EditorOnly:0 RuntimeOnly:0 HLODRelevant:1 FolderPath:Block01 FolderGuid:7D23E5AE4C2A421F86AF6986D87E6D05
 |   |   |- Guid:B785ED2844B84CFB91E7F39FE661CD99 BaseClass: NativeClass:/Script/Engine.DirectionalLight Name:DirectionalLight_0 Label:DirectionalLight SpatiallyLoaded:0 Bounds:IsValid=true, Min=(X=-1048576.000 Y=-1048576.000 Z=-1048576.000), Max=(X=1048576.000 Y=1048576.000 Z=1048576.000) RuntimeGrid:None EditorOnly:0 RuntimeOnly:0 HLODRelevant:0 FolderPath:Lighting FolderGuid:963EC3EB4002CCE9759E2EBA541A873A
 |   |   |- Guid:BC08B79C4EA3C961CFF75EBBE83B367D BaseClass: NativeClass:/Script/Engine.StaticMeshActor Name:StaticMeshActor_5 Label:SM_Cube2 SpatiallyLoaded:1 Bounds:IsValid=true, Min=(X=0.000 Y=0.000 Z=0.000), Max=(X=3000.000 Y=100.000 Z=400.000) RuntimeGrid:None EditorOnly:0 RuntimeOnly:0 HLODRelevant:1 FolderPath:Environment/Playground FolderGuid:C73F09FC4215536B1DCE2A9E0A830C70
 |   |   |- Guid:C15C2C8D4EA4ADE0BD1349AFD814988B BaseClass: NativeClass:/Script/Engine.StaticMeshActor Name:StaticMeshActor_14 Label:SM_Ramp3 SpatiallyLoaded:1 Bounds:IsValid=true, Min=(X=1800.000 Y=1700.000 Z=100.000), Max=(X=2000.000 Y=2100.000 Z=200.000) RuntimeGrid:None EditorOnly:0 RuntimeOnly:0 HLODRelevant:1 FolderPath:Block01 FolderGuid:7D23E5AE4C2A421F86AF6986D87E6D05
 |   |   |- Guid:CCFF262C46EEFFDF319E7F9539CE697E BaseClass: NativeClass:/Script/Engine.SkyAtmosphere Name:SkyAtmosphere_0 Label:SkyAtmosphere SpatiallyLoaded:0 Bounds:IsValid=true, Min=(X=0.000 Y=0.000 Z=1020.000), Max=(X=0.000 Y=0.000 Z=1020.000) RuntimeGrid:None EditorOnly:0 RuntimeOnly:0 HLODRelevant:0 FolderPath:Lighting FolderGuid:963EC3EB4002CCE9759E2EBA541A873A
 |   |   |- Guid:DBC730174A7F51D9E14433AEF0C30A39 BaseClass: NativeClass:/Script/Engine.StaticMeshActor Name:StaticMeshActor_24 Label:SM_Cube13 SpatiallyLoaded:1 Bounds:IsValid=true, Min=(X=300.000 Y=2700.000 Z=0.000), Max=(X=400.000 Y=2800.000 Z=200.000) RuntimeGrid:None EditorOnly:0 RuntimeOnly:0 HLODRelevant:1 FolderPath:Block03 FolderGuid:7B7009C345D3D6DD94D3429E1D79C034
 |   |   |- Guid:DD8052F64165B66189340291DB17B981 BaseClass:/Game/Platforms/Loading/BP_Load-System-02.BP_Load-System-02_C NativeClass:/Script/Engine.Actor Name:BP_Load-System-02_C_UAID_C0B5D7B3A2A6728801_1124813842 Label:BP_Load-System-02 SpatiallyLoaded:1 Bounds:IsValid=true, Min=(X=1555.341 Y=152.508 Z=-12.500), Max=(X=1746.441 Y=337.500 Z=51.059) RuntimeGrid:None EditorOnly:0 RuntimeOnly:0 HLODRelevant:1
 |   |   |- Guid:E7077C1E454DFF91E75186990ADA85D6 BaseClass:/Game/Platforms/Saving/BP_Save-System-02.BP_Save-System-02_C NativeClass:/Script/Engine.Actor Name:BP_Save-System-02_C_UAID_C0B5D7B3A2A6718801_2134966665 Label:BP_Save-System-02 SpatiallyLoaded:1 Bounds:IsValid=true, Min=(X=1205.954 Y=152.508 Z=-12.500), Max=(X=1395.829 Y=337.500 Z=51.059) RuntimeGrid:None EditorOnly:0 RuntimeOnly:0 HLODRelevant:1
 |   |   |- Guid:E73E39994140315EB81324BF0A5D6400 BaseClass: NativeClass:/Script/Engine.StaticMeshActor Name:StaticMeshActor_10 Label:SM_ChamferCube2 SpatiallyLoaded:1 Bounds:IsValid=true, Min=(X=992.077 Y=2692.077 Z=0.013), Max=(X=1107.923 Y=2807.923 Z=100.013) RuntimeGrid:None EditorOnly:0 RuntimeOnly:0 HLODRelevant:0
 |   |   |- Guid:E864EE5542C27D6674BEBB9312F02BB4 BaseClass: NativeClass:/Script/Engine.StaticMeshActor Name:StaticMeshActor_23 Label:SM_QuarterCylinder5 SpatiallyLoaded:1 Bounds:IsValid=true, Min=(X=300.000 Y=2800.000 Z=0.000), Max=(X=400.000 Y=2900.000 Z=200.000) RuntimeGrid:None EditorOnly:0 RuntimeOnly:0 HLODRelevant:1 FolderPath:Block03 FolderGuid:7B7009C345D3D6DD94D3429E1D79C034
 |   |   |- Guid:EC4E0C944CE6AC6E784BC6BB2916EA13 BaseClass: NativeClass:/Script/Engine.StaticMeshActor Name:StaticMeshActor_UAID_A4AE111137DC5EFB00_1110535423 Label:SM_SkySphere SpatiallyLoaded:0 Bounds:IsValid=true, Min=(X=-1638400.000 Y=-1638400.000 Z=-1638400.000), Max=(X=1638400.000 Y=1638400.000 Z=1638400.000) RuntimeGrid:None EditorOnly:0 RuntimeOnly:0 HLODRelevant:1 FolderPath:Lighting FolderGuid:963EC3EB4002CCE9759E2EBA541A873A
 |   |   |- Guid:EDAA34A64E50B17535C2EB826C12557D BaseClass: NativeClass:/Script/Engine.StaticMeshActor Name:StaticMeshActor_9 Label:SM_Ramp2 SpatiallyLoaded:1 Bounds:IsValid=true, Min=(X=1400.000 Y=1500.000 Z=0.000), Max=(X=1800.000 Y=1700.000 Z=100.000) RuntimeGrid:None EditorOnly:0 RuntimeOnly:0 HLODRelevant:1 FolderPath:Block01 FolderGuid:7D23E5AE4C2A421F86AF6986D87E6D05
 |   |   |- Guid:F1924B8D48954B30891B2DB6A694F9CC BaseClass: NativeClass:/Script/Engine.StaticMeshActor Name:StaticMeshActor_1 Label:SM_Cube SpatiallyLoaded:1 Bounds:IsValid=true, Min=(X=0.000 Y=0.000 Z=-50.000), Max=(X=3000.000 Y=3500.000 Z=0.000) RuntimeGrid:None EditorOnly:0 RuntimeOnly:0 HLODRelevant:1 FolderPath:Playground FolderGuid:C73F09FC4215536B1DCE2A9E0A830C70
 |   |   |- Guid:F4AAA1CA4D204EB96E54F5BD1EB46A62 BaseClass: NativeClass:/Script/Engine.StaticMeshActor Name:StaticMeshActor_7 Label:SM_Cube7 SpatiallyLoaded:1 Bounds:IsValid=true, Min=(X=1300.000 Y=2200.000 Z=0.000), Max=(X=1500.000 Y=2300.000 Z=200.000) RuntimeGrid:None EditorOnly:0 RuntimeOnly:0 HLODRelevant:1 FolderPath:Block01 FolderGuid:7D23E5AE4C2A421F86AF6986D87E6D05
 |   |   |- Guid:F5E3FEB3450C49844FD93DA8E083C8AD BaseClass: NativeClass:/Script/Engine.PostProcessVolume Name:PostProcessVolume_0 Label:PostProcessVolume SpatiallyLoaded:0 Bounds:IsValid=true, Min=(X=0.000 Y=0.000 Z=400.000), Max=(X=200.000 Y=200.000 Z=600.000) RuntimeGrid:None EditorOnly:0 RuntimeOnly:0 HLODRelevant:0 FolderPath:Lighting FolderGuid:963EC3EB4002CCE9759E2EBA541A873A
 |   |   |- Guid:F703AD214DE20FBE9DA411817BF79E0A BaseClass: NativeClass:/Script/Engine.StaticMeshActor Name:StaticMeshActor_21 Label:SM_QuarterCylinder3 SpatiallyLoaded:1 Bounds:IsValid=true, Min=(X=1500.000 Y=2200.000 Z=0.000), Max=(X=1600.000 Y=2300.000 Z=200.000) RuntimeGrid:None EditorOnly:0 RuntimeOnly:0 HLODRelevant:1 FolderPath:Block01 FolderGuid:7D23E5AE4C2A421F86AF6986D87E6D05
 |   |   |- Guid:FF698C67459ADB4982D7759C0905EE9F BaseClass: NativeClass:/Script/Engine.StaticMeshActor Name:StaticMeshActor_6 Label:SM_Cube3 SpatiallyLoaded:1 Bounds:IsValid=true, Min=(X=0.000 Y=3400.000 Z=0.000), Max=(X=3000.000 Y=3500.000 Z=400.000) RuntimeGrid:None EditorOnly:0 RuntimeOnly:0 HLODRelevant:1 FolderPath:Playground FolderGuid:C73F09FC4215536B1DCE2A9E0A830C70
 |   |- [+] Clusters:
 |   |   |- [+] [  0]
 |   |   |   |- Guid:6BAF4DDD444C60371492D3919DB42C97 BaseClass: NativeClass:/Script/Engine.WorldDataLayers Name:WorldDataLayers Label:WorldDataLayers SpatiallyLoaded:0 Bounds:IsValid=true, Min=(X=0.000 Y=0.000 Z=0.000), Max=(X=0.000 Y=0.000 Z=0.000) RuntimeGrid:None EditorOnly:0 RuntimeOnly:0 HLODRelevant:0
 |   |   |- [+] [  1]
 |   |   |   |- Guid:59CE89D047C75FBE41189BA8ABD2CA2A BaseClass: NativeClass:/Script/Engine.StaticMeshActor Name:StaticMeshActor_18 Label:SM_QuarterCylinder SpatiallyLoaded:1 Bounds:IsValid=true, Min=(X=2500.000 Y=2800.000 Z=0.000), Max=(X=2600.000 Y=2900.000 Z=200.000) RuntimeGrid:None EditorOnly:0 RuntimeOnly:0 HLODRelevant:1 FolderPath:Block02 FolderGuid:EBA23F8248252949750E43911A3A1CDD
 |   |   |- [+] [  2]
 |   |   |   |- Guid:DD8052F64165B66189340291DB17B981 BaseClass:/Game/Platforms/Loading/BP_Load-System-02.BP_Load-System-02_C NativeClass:/Script/Engine.Actor Name:BP_Load-System-02_C_UAID_C0B5D7B3A2A6728801_1124813842 Label:BP_Load-System-02 SpatiallyLoaded:1 Bounds:IsValid=true, Min=(X=1555.341 Y=152.508 Z=-12.500), Max=(X=1746.441 Y=337.500 Z=51.059) RuntimeGrid:None EditorOnly:0 RuntimeOnly:0 HLODRelevant:1
 |   |   |- [+] [  3]
 |   |   |   |- Guid:526FB7CA466EE13D413F01965D2F72B0 BaseClass:/Game/Platforms/Score/BP_ResetPoints.BP_ResetPoints_C NativeClass:/Script/Engine.Actor Name:BP_ResetPoints_C_UAID_C0B5D7B3A2A6128801_2016770943 Label:BP_ResetPoints SpatiallyLoaded:1 Bounds:IsValid=true, Min=(X=1316.933 Y=2181.647 Z=177.500), Max=(X=1491.933 Y=2291.034 Z=241.059) RuntimeGrid:None EditorOnly:0 RuntimeOnly:0 HLODRelevant:1
 |   |   |- [+] [  4]
 |   |   |   |- Guid:8220FB4C4C565CA72984228EB219DC00 BaseClass:/Game/Platforms/Score/BP_SubtractPoints.BP_SubtractPoints_C NativeClass:/Script/Engine.Actor Name:JumpPlateRed_C_UAID_C0B5D7B3A2A6838701_1694138782 Label:JumpPlateRed SpatiallyLoaded:1 Bounds:IsValid=true, Min=(X=1542.666 Y=1710.508 Z=177.500), Max=(X=1839.116 Y=1895.500 Z=241.059) RuntimeGrid:None EditorOnly:0 RuntimeOnly:0 HLODRelevant:1
 |   |   |- [+] [  5]
 |   |   |   |- Guid:F5E3FEB3450C49844FD93DA8E083C8AD BaseClass: NativeClass:/Script/Engine.PostProcessVolume Name:PostProcessVolume_0 Label:PostProcessVolume SpatiallyLoaded:0 Bounds:IsValid=true, Min=(X=0.000 Y=0.000 Z=400.000), Max=(X=200.000 Y=200.000 Z=600.000) RuntimeGrid:None EditorOnly:0 RuntimeOnly:0 HLODRelevant:0 FolderPath:Lighting FolderGuid:963EC3EB4002CCE9759E2EBA541A873A
 |   |   |- [+] [  6]
 |   |   |   |- Guid:E73E39994140315EB81324BF0A5D6400 BaseClass: NativeClass:/Script/Engine.StaticMeshActor Name:StaticMeshActor_10 Label:SM_ChamferCube2 SpatiallyLoaded:1 Bounds:IsValid=true, Min=(X=992.077 Y=2692.077 Z=0.013), Max=(X=1107.923 Y=2807.923 Z=100.013) RuntimeGrid:None EditorOnly:0 RuntimeOnly:0 HLODRelevant:0
 |   |   |- [+] [  7]
 |   |   |   |- Guid:4D3BE93F4146AAAC8BBE79999D96D57F BaseClass: NativeClass:/Script/Engine.VolumetricCloud Name:VolumetricCloud_0 Label:VolumetricCloud SpatiallyLoaded:0 Bounds:IsValid=true, Min=(X=0.000 Y=0.000 Z=820.000), Max=(X=0.000 Y=0.000 Z=820.000) RuntimeGrid:None EditorOnly:0 RuntimeOnly:0 HLODRelevant:0 FolderPath:Lighting FolderGuid:963EC3EB4002CCE9759E2EBA541A873A
 |   |   |- [+] [  8]
 |   |   |   |- Guid:DBC730174A7F51D9E14433AEF0C30A39 BaseClass: NativeClass:/Script/Engine.StaticMeshActor Name:StaticMeshActor_24 Label:SM_Cube13 SpatiallyLoaded:1 Bounds:IsValid=true, Min=(X=300.000 Y=2700.000 Z=0.000), Max=(X=400.000 Y=2800.000 Z=200.000) RuntimeGrid:None EditorOnly:0 RuntimeOnly:0 HLODRelevant:1 FolderPath:Block03 FolderGuid:7B7009C345D3D6DD94D3429E1D79C034
 |   |   |- [+] [  9]
 |   |   |   |- Guid:9E8CAF0243FFE50349E2EA88BFE70582 BaseClass:/Game/Platforms/Score/BP_AddPoints.BP_AddPoints_C NativeClass:/Script/Engine.Actor Name:BP_AddPoints_C_UAID_C0B5D7B3A2A6138801_1545955120 Label:BP_AddPoints SpatiallyLoaded:1 Bounds:IsValid=true, Min=(X=1190.148 Y=1707.922 Z=177.500), Max=(X=1430.248 Y=1892.914 Z=241.059) RuntimeGrid:None EditorOnly:0 RuntimeOnly:0 HLODRelevant:1
 |   |   |- [+] [ 10]
 |   |   |   |- Guid:AB74120142217676C6EC818E6B49412B BaseClass: NativeClass:/Script/Engine.StaticMeshActor Name:StaticMeshActor_15 Label:SM_Cube10 SpatiallyLoaded:1 Bounds:IsValid=true, Min=(X=1800.000 Y=2100.000 Z=100.000), Max=(X=2000.000 Y=2200.000 Z=200.000) RuntimeGrid:None EditorOnly:0 RuntimeOnly:0 HLODRelevant:1 FolderPath:Block01 FolderGuid:7D23E5AE4C2A421F86AF6986D87E6D05
 |   |   |- [+] [ 11]
 |   |   |   |- Guid:CCFF262C46EEFFDF319E7F9539CE697E BaseClass: NativeClass:/Script/Engine.SkyAtmosphere Name:SkyAtmosphere_0 Label:SkyAtmosphere SpatiallyLoaded:0 Bounds:IsValid=true, Min=(X=0.000 Y=0.000 Z=1020.000), Max=(X=0.000 Y=0.000 Z=1020.000) RuntimeGrid:None EditorOnly:0 RuntimeOnly:0 HLODRelevant:0 FolderPath:Lighting FolderGuid:963EC3EB4002CCE9759E2EBA541A873A
 |   |   |- [+] [ 12]
 |   |   |   |- Guid:EC4E0C944CE6AC6E784BC6BB2916EA13 BaseClass: NativeClass:/Script/Engine.StaticMeshActor Name:StaticMeshActor_UAID_A4AE111137DC5EFB00_1110535423 Label:SM_SkySphere SpatiallyLoaded:0 Bounds:IsValid=true, Min=(X=-1638400.000 Y=-1638400.000 Z=-1638400.000), Max=(X=1638400.000 Y=1638400.000 Z=1638400.000) RuntimeGrid:None EditorOnly:0 RuntimeOnly:0 HLODRelevant:1 FolderPath:Lighting FolderGuid:963EC3EB4002CCE9759E2EBA541A873A
 |   |   |- [+] [ 13]
 |   |   |   |- Guid:C15C2C8D4EA4ADE0BD1349AFD814988B BaseClass: NativeClass:/Script/Engine.StaticMeshActor Name:StaticMeshActor_14 Label:SM_Ramp3 SpatiallyLoaded:1 Bounds:IsValid=true, Min=(X=1800.000 Y=1700.000 Z=100.000), Max=(X=2000.000 Y=2100.000 Z=200.000) RuntimeGrid:None EditorOnly:0 RuntimeOnly:0 HLODRelevant:1 FolderPath:Block01 FolderGuid:7D23E5AE4C2A421F86AF6986D87E6D05
 |   |   |- [+] [ 14]
 |   |   |   |- Guid:9BFF363746062F457E2F92A4631DBA20 BaseClass: NativeClass:/Script/Engine.StaticMeshActor Name:StaticMeshActor_11 Label:SM_ChamferCube3 SpatiallyLoaded:1 Bounds:IsValid=true, Min=(X=481.699 Y=2271.699 Z=0.013), Max=(X=618.301 Y=2408.301 Z=100.013) RuntimeGrid:None EditorOnly:0 RuntimeOnly:0 HLODRelevant:0
 |   |   |- [+] [ 15]
 |   |   |   |- Guid:43815E84492231AFC407F59E3C28176B BaseClass: NativeClass:/Script/Engine.StaticMeshActor Name:StaticMeshActor_4 Label:SM_Cube6 SpatiallyLoaded:1 Bounds:IsValid=true, Min=(X=2900.000 Y=100.000 Z=0.000), Max=(X=3000.000 Y=3400.000 Z=400.000) RuntimeGrid:None EditorOnly:0 RuntimeOnly:0 HLODRelevant:1 FolderPath:Playground FolderGuid:C73F09FC4215536B1DCE2A9E0A830C70
 |   |   |- [+] [ 16]
 |   |   |   |- Guid:7587444F4FB13B9B9CD114BBE7885340 BaseClass: NativeClass:/Script/Engine.StaticMeshActor Name:StaticMeshActor_19 Label:SM_QuarterCylinder2 SpatiallyLoaded:1 Bounds:IsValid=true, Min=(X=2500.000 Y=2600.000 Z=0.000), Max=(X=2600.000 Y=2700.000 Z=200.000) RuntimeGrid:None EditorOnly:0 RuntimeOnly:0 HLODRelevant:1 FolderPath:Block02 FolderGuid:EBA23F8248252949750E43911A3A1CDD
 |   |   |- [+] [ 17]
 |   |   |   |- Guid:B785ED2844B84CFB91E7F39FE661CD99 BaseClass: NativeClass:/Script/Engine.DirectionalLight Name:DirectionalLight_0 Label:DirectionalLight SpatiallyLoaded:0 Bounds:IsValid=true, Min=(X=-1048576.000 Y=-1048576.000 Z=-1048576.000), Max=(X=1048576.000 Y=1048576.000 Z=1048576.000) RuntimeGrid:None EditorOnly:0 RuntimeOnly:0 HLODRelevant:0 FolderPath:Lighting FolderGuid:963EC3EB4002CCE9759E2EBA541A873A
 |   |   |- [+] [ 18]
 |   |   |   |- Guid:1B9598344A1F20E1A5125DA8A7E9FC0F BaseClass: NativeClass:/Script/Engine.StaticMeshActor Name:StaticMeshActor_22 Label:SM_QuarterCylinder4 SpatiallyLoaded:1 Bounds:IsValid=true, Min=(X=300.000 Y=2600.000 Z=0.000), Max=(X=400.000 Y=2700.000 Z=200.000) RuntimeGrid:None EditorOnly:0 RuntimeOnly:0 HLODRelevant:1 FolderPath:Block03 FolderGuid:7B7009C345D3D6DD94D3429E1D79C034
 |   |   |- [+] [ 19]
 |   |   |   |- Guid:316CF2A6494ACA4C0E4180A87D36AB8F BaseClass: NativeClass:/Script/Engine.ExponentialHeightFog Name:ExponentialHeightFog_0 Label:ExponentialHeightFog SpatiallyLoaded:0 Bounds:IsValid=true, Min=(X=-5600.000 Y=-50.000 Z=-6850.000), Max=(X=-5600.000 Y=-50.000 Z=-6850.000) RuntimeGrid:None EditorOnly:0 RuntimeOnly:0 HLODRelevant:0 FolderPath:Lighting FolderGuid:963EC3EB4002CCE9759E2EBA541A873A
 |   |   |- [+] [ 20]
 |   |   |   |- Guid:79C9B0C246824948C2428ABA13657451 BaseClass: NativeClass:/Script/Engine.StaticMeshActor Name:StaticMeshActor_25 Label:SM_QuarterCylinder6 SpatiallyLoaded:1 Bounds:IsValid=true, Min=(X=1200.000 Y=2200.000 Z=0.000), Max=(X=1300.000 Y=2300.000 Z=200.000) RuntimeGrid:None EditorOnly:0 RuntimeOnly:0 HLODRelevant:1 FolderPath:Block01 FolderGuid:7D23E5AE4C2A421F86AF6986D87E6D05
 |   |   |- [+] [ 21]
 |   |   |   |- Guid:F1924B8D48954B30891B2DB6A694F9CC BaseClass: NativeClass:/Script/Engine.StaticMeshActor Name:StaticMeshActor_1 Label:SM_Cube SpatiallyLoaded:1 Bounds:IsValid=true, Min=(X=0.000 Y=0.000 Z=-50.000), Max=(X=3000.000 Y=3500.000 Z=0.000) RuntimeGrid:None EditorOnly:0 RuntimeOnly:0 HLODRelevant:1 FolderPath:Playground FolderGuid:C73F09FC4215536B1DCE2A9E0A830C70
 |   |   |- [+] [ 22]
 |   |   |   |- Guid:EDAA34A64E50B17535C2EB826C12557D BaseClass: NativeClass:/Script/Engine.StaticMeshActor Name:StaticMeshActor_9 Label:SM_Ramp2 SpatiallyLoaded:1 Bounds:IsValid=true, Min=(X=1400.000 Y=1500.000 Z=0.000), Max=(X=1800.000 Y=1700.000 Z=100.000) RuntimeGrid:None EditorOnly:0 RuntimeOnly:0 HLODRelevant:1 FolderPath:Block01 FolderGuid:7D23E5AE4C2A421F86AF6986D87E6D05
 |   |   |- [+] [ 23]
 |   |   |   |- Guid:2FB58999456391D349DC0F86DAC136ED BaseClass: NativeClass:/Script/Engine.SkyLight Name:SkyLight_1 Label:SkyLight SpatiallyLoaded:0 Bounds:IsValid=true, Min=(X=0.000 Y=0.000 Z=690.000), Max=(X=0.000 Y=0.000 Z=690.000) RuntimeGrid:None EditorOnly:0 RuntimeOnly:0 HLODRelevant:0 FolderPath:Lighting FolderGuid:963EC3EB4002CCE9759E2EBA541A873A
 |   |   |- [+] [ 24]
 |   |   |   |- Guid:E7077C1E454DFF91E75186990ADA85D6 BaseClass:/Game/Platforms/Saving/BP_Save-System-02.BP_Save-System-02_C NativeClass:/Script/Engine.Actor Name:BP_Save-System-02_C_UAID_C0B5D7B3A2A6718801_2134966665 Label:BP_Save-System-02 SpatiallyLoaded:1 Bounds:IsValid=true, Min=(X=1205.954 Y=152.508 Z=-12.500), Max=(X=1395.829 Y=337.500 Z=51.059) RuntimeGrid:None EditorOnly:0 RuntimeOnly:0 HLODRelevant:1
 |   |   |- [+] [ 25]
 |   |   |   |- Guid:6CDBE45B49E9B1AB6B2D8497A6492F3B BaseClass: NativeClass:/Script/Engine.TextRenderActor Name:TextRenderActor_UAID_C0B5D7B3A2A6738801_1089794019 Label:ExplanationText2 SpatiallyLoaded:1 Bounds:IsValid=true, Min=(X=1168.000 Y=150.000 Z=150.000), Max=(X=1782.000 Y=150.000 Z=280.000) RuntimeGrid:None EditorOnly:0 RuntimeOnly:0 HLODRelevant:0
 |   |   |- [+] [ 26]
 |   |   |   |- Guid:9765ECF54858C165188C95B28D88016B BaseClass: NativeClass:/Script/Engine.StaticMeshActor Name:StaticMeshActor_12 Label:SM_Cube8 SpatiallyLoaded:1 Bounds:IsValid=true, Min=(X=1300.000 Y=2600.000 Z=0.000), Max=(X=2500.000 Y=2900.000 Z=200.000) RuntimeGrid:None EditorOnly:0 RuntimeOnly:0 HLODRelevant:1 FolderPath:Block02 FolderGuid:EBA23F8248252949750E43911A3A1CDD
 |   |   |- [+] [ 27]
 |   |   |   |- Guid:961864A84FF6F65B68F2A3BE5819D538 BaseClass: NativeClass:/Script/Engine.StaticMeshActor Name:StaticMeshActor_8 Label:SM_Cube4 SpatiallyLoaded:1 Bounds:IsValid=true, Min=(X=1200.000 Y=1700.000 Z=0.000), Max=(X=1800.000 Y=2200.000 Z=200.000) RuntimeGrid:None EditorOnly:0 RuntimeOnly:0 HLODRelevant:1 FolderPath:Block01 FolderGuid:7D23E5AE4C2A421F86AF6986D87E6D05
 |   |   |- [+] [ 28]
 |   |   |   |- Guid:E864EE5542C27D6674BEBB9312F02BB4 BaseClass: NativeClass:/Script/Engine.StaticMeshActor Name:StaticMeshActor_23 Label:SM_QuarterCylinder5 SpatiallyLoaded:1 Bounds:IsValid=true, Min=(X=300.000 Y=2800.000 Z=0.000), Max=(X=400.000 Y=2900.000 Z=200.000) RuntimeGrid:None EditorOnly:0 RuntimeOnly:0 HLODRelevant:1 FolderPath:Block03 FolderGuid:7B7009C345D3D6DD94D3429E1D79C034
 |   |   |- [+] [ 29]
 |   |   |   |- Guid:6469C3DC456922C313DA0293FEA058AF BaseClass:/Game/Platforms/Saving/BP_Save-System-01.BP_Save-System-01_C NativeClass:/Script/Engine.Actor Name:BP_Save-System_C_UAID_C0B5D7B3A2A6258801_1495459288 Label:BP_Save-System SpatiallyLoaded:1 Bounds:IsValid=true, Min=(X=155.954 Y=152.508 Z=-12.500), Max=(X=345.829 Y=337.500 Z=51.059) RuntimeGrid:None EditorOnly:0 RuntimeOnly:0 HLODRelevant:1
 |   |   |- [+] [ 30]
 |   |   |   |- Guid:2448D5894525095E3C77DDB6C5D68ABE BaseClass: NativeClass:/Script/Engine.TextRenderActor Name:TextRenderActor_UAID_C0B5D7B3A2A66B8801_1190452607 Label:ExplanationText SpatiallyLoaded:1 Bounds:IsValid=true, Min=(X=158.000 Y=150.000 Z=100.000), Max=(X=692.000 Y=150.000 Z=308.000) RuntimeGrid:None EditorOnly:0 RuntimeOnly:0 HLODRelevant:0
 |   |   |- [+] [ 31]
 |   |   |   |- Guid:A56216954B2165CF0F35A886B537D536 BaseClass: NativeClass:/Script/Engine.StaticMeshActor Name:StaticMeshActor_0 Label:SM_Cube5 SpatiallyLoaded:1 Bounds:IsValid=true, Min=(X=-0.000 Y=100.000 Z=0.000), Max=(X=100.000 Y=3400.000 Z=400.000) RuntimeGrid:None EditorOnly:0 RuntimeOnly:0 HLODRelevant:1 FolderPath:Playground FolderGuid:C73F09FC4215536B1DCE2A9E0A830C70
 |   |   |- [+] [ 32]
 |   |   |   |- Guid:08F9DC56444CFFF3F13B379E81EF05BC BaseClass: NativeClass:/Script/Engine.StaticMeshActor Name:StaticMeshActor_16 Label:SM_Cube11 SpatiallyLoaded:1 Bounds:IsValid=true, Min=(X=400.000 Y=2600.000 Z=0.000), Max=(X=700.000 Y=2900.000 Z=200.000) RuntimeGrid:None EditorOnly:0 RuntimeOnly:0 HLODRelevant:1 FolderPath:Block03 FolderGuid:7B7009C345D3D6DD94D3429E1D79C034
 |   |   |- [+] [ 33]
 |   |   |   |- Guid:0A733B864C327F0B589EC8BBDD0265BC BaseClass: NativeClass:/Script/Engine.StaticMeshActor Name:StaticMeshActor_13 Label:SM_Cube9 SpatiallyLoaded:1 Bounds:IsValid=true, Min=(X=1800.000 Y=1500.000 Z=0.000), Max=(X=2000.000 Y=2200.000 Z=100.000) RuntimeGrid:None EditorOnly:0 RuntimeOnly:0 HLODRelevant:1 FolderPath:Block01 FolderGuid:7D23E5AE4C2A421F86AF6986D87E6D05
 |   |   |- [+] [ 34]
 |   |   |   |- Guid:F703AD214DE20FBE9DA411817BF79E0A BaseClass: NativeClass:/Script/Engine.StaticMeshActor Name:StaticMeshActor_21 Label:SM_QuarterCylinder3 SpatiallyLoaded:1 Bounds:IsValid=true, Min=(X=1500.000 Y=2200.000 Z=0.000), Max=(X=1600.000 Y=2300.000 Z=200.000) RuntimeGrid:None EditorOnly:0 RuntimeOnly:0 HLODRelevant:1 FolderPath:Block01 FolderGuid:7D23E5AE4C2A421F86AF6986D87E6D05
 |   |   |- [+] [ 35]
 |   |   |   |- Guid:BC08B79C4EA3C961CFF75EBBE83B367D BaseClass: NativeClass:/Script/Engine.StaticMeshActor Name:StaticMeshActor_5 Label:SM_Cube2 SpatiallyLoaded:1 Bounds:IsValid=true, Min=(X=0.000 Y=0.000 Z=0.000), Max=(X=3000.000 Y=100.000 Z=400.000) RuntimeGrid:None EditorOnly:0 RuntimeOnly:0 HLODRelevant:1 FolderPath:Environment/Playground FolderGuid:C73F09FC4215536B1DCE2A9E0A830C70
 |   |   |- [+] [ 36]
 |   |   |   |- Guid:26B8C3BE41021A3F42B61FA534F9181E BaseClass: NativeClass:/Script/Engine.StaticMeshActor Name:StaticMeshActor_20 Label:SM_Cube12 SpatiallyLoaded:1 Bounds:IsValid=true, Min=(X=2500.000 Y=2700.000 Z=0.000), Max=(X=2600.000 Y=2800.000 Z=200.000) RuntimeGrid:None EditorOnly:0 RuntimeOnly:0 HLODRelevant:1 FolderPath:Block02 FolderGuid:EBA23F8248252949750E43911A3A1CDD
 |   |   |- [+] [ 37]
 |   |   |   |- Guid:FF698C67459ADB4982D7759C0905EE9F BaseClass: NativeClass:/Script/Engine.StaticMeshActor Name:StaticMeshActor_6 Label:SM_Cube3 SpatiallyLoaded:1 Bounds:IsValid=true, Min=(X=0.000 Y=3400.000 Z=0.000), Max=(X=3000.000 Y=3500.000 Z=400.000) RuntimeGrid:None EditorOnly:0 RuntimeOnly:0 HLODRelevant:1 FolderPath:Playground FolderGuid:C73F09FC4215536B1DCE2A9E0A830C70
 |   |   |- [+] [ 38]
 |   |   |   |- Guid:F4AAA1CA4D204EB96E54F5BD1EB46A62 BaseClass: NativeClass:/Script/Engine.StaticMeshActor Name:StaticMeshActor_7 Label:SM_Cube7 SpatiallyLoaded:1 Bounds:IsValid=true, Min=(X=1300.000 Y=2200.000 Z=0.000), Max=(X=1500.000 Y=2300.000 Z=200.000) RuntimeGrid:None EditorOnly:0 RuntimeOnly:0 HLODRelevant:1 FolderPath:Block01 FolderGuid:7D23E5AE4C2A421F86AF6986D87E6D05
 |   |   |- [+] [ 39]
 |   |   |   |- Guid:3A00AA1C422CE54C0BDB60BAF471BFBB BaseClass: NativeClass:/Script/Engine.PlayerStart Name:PlayerStart_0 Label:PlayerStart SpatiallyLoaded:0 Bounds:IsValid=true, Min=(X=860.000 Y=1070.000 Z=0.013), Max=(X=940.000 Y=1150.000 Z=184.013) RuntimeGrid:None EditorOnly:0 RuntimeOnly:0 HLODRelevant:0
 |   |   |- [+] [ 40]
 |   |   |   |- Guid:745A095B4BA4E157E4537FA63F5B7B43 BaseClass: NativeClass:/Script/Engine.StaticMeshActor Name:StaticMeshActor_2 Label:SM_ChamferCube SpatiallyLoaded:1 Bounds:IsValid=true, Min=(X=1100.000 Y=2000.000 Z=0.013), Max=(X=1200.000 Y=2100.000 Z=100.013) RuntimeGrid:None EditorOnly:0 RuntimeOnly:0 HLODRelevant:0
 |   |   |- [+] [ 41]
 |   |   |   |- Guid:4A5FC78E48B6DC8D2026B19F8E711164 BaseClass:/Game/Platforms/Loading/BP_Load-System-01.BP_Load-System-01_C NativeClass:/Script/Engine.Actor Name:BP_Load-System_C_UAID_C0B5D7B3A2A6258801_1366666287 Label:BP_Load-System SpatiallyLoaded:1 Bounds:IsValid=true, Min=(X=505.341 Y=152.508 Z=-12.500), Max=(X=696.441 Y=337.500 Z=51.059) RuntimeGrid:None EditorOnly:0 RuntimeOnly:0 HLODRelevant:1
 |- ContainerInstances:
 |- [+] MainContainer:
 |   |-        ID: 0x0000000000000000
 |   |-    Bounds: IsValid=false, Min=(X=0.000 Y=0.000 Z=0.000), Max=(X=0.000 Y=0.000 Z=0.000)
 |   |- Transform: 0.000000,0.000000,0.000000|0.000000,0.000000,-0.000000|1.000000,1.000000,1.000000
 |   |- Container: /Game/ThirdPerson/Maps/ThirdPersonMap
----------------------------------------------------------------------------------------------------------------
ThirdPersonMap - Persistent Level
----------------------------------------------------------------------------------------------------------------
Always loaded Actor Count: 5 

----------------------------------------------------------------------------------------------------------------
ThirdPersonMap - Runtime Spatial Hash - Streaming Grid - MainGrid
----------------------------------------------------------------------------------------------------------------
            Origin: X=0.000 Y=0.000 Z=0.000
         Cell Size: 12800
      World Bounds: IsValid=false, Min=(X=0.000 Y=0.000 Z=0.000), Max=(X=0.000 Y=0.000 Z=0.000)
     Loading Range: 25600.00
Block Slow Loading: No
 ClientOnlyVisible: No

[+] Grid Levels: 1
 |- Level  0: Cell Count    1 | Cell Size   12800 | Actor Count   42 (100.0%)

[+] Content of Grid Level 0
 |- [+] Content of Cell MainGrid_L0_X0_Y0
 |   |- Actor Count: 42
 |   |- MinMaxZ: X=-1638400.000 Y=1638400.000
 |   |- Actor Path: /Game/ThirdPerson/Maps/ThirdPersonMap.ThirdPersonMap:PersistentLevel.WorldDataLayers
 |   |- Actor Package: /Game/__ExternalActors__/ThirdPerson/Maps/ThirdPersonMap/0/43/HYQWORMY4JDQ5X3OKZXFLC
 |   |- Actor Path: /Game/ThirdPerson/Maps/ThirdPersonMap.ThirdPersonMap:PersistentLevel.StaticMeshActor_18
 |   |- Actor Package: /Game/__ExternalActors__/ThirdPerson/Maps/ThirdPersonMap/0/FG/C9C8NKPQ680JETAE5ROTT1
 |   |- Actor Path: /Game/ThirdPerson/Maps/ThirdPersonMap.ThirdPersonMap:PersistentLevel.BP_Load-System-02_C_UAID_C0B5D7B3A2A6728801_1124813842
 |   |- Actor Package: /Game/__ExternalActors__/ThirdPerson/Maps/ThirdPersonMap/0/MI/BUZEHVMKVYY5M7OVOK70SH
 |   |- Actor Path: /Game/ThirdPerson/Maps/ThirdPersonMap.ThirdPersonMap:PersistentLevel.BP_ResetPoints_C_UAID_C0B5D7B3A2A6128801_2016770943
 |   |- Actor Package: /Game/__ExternalActors__/ThirdPerson/Maps/ThirdPersonMap/0/R3/ES65PXSZJTJFTRKX3GDUUO
 |   |- Actor Path: /Game/ThirdPerson/Maps/ThirdPersonMap.ThirdPersonMap:PersistentLevel.JumpPlateRed_C_UAID_C0B5D7B3A2A6838701_1694138782
 |   |- Actor Package: /Game/__ExternalActors__/ThirdPerson/Maps/ThirdPersonMap/1/91/NPV11V57AFEYHH33MF5569
 |   |- Actor Path: /Game/ThirdPerson/Maps/ThirdPersonMap.ThirdPersonMap:PersistentLevel.PostProcessVolume_0
 |   |- Actor Package: /Game/__ExternalActors__/ThirdPerson/Maps/ThirdPersonMap/1/AZ/A7GPT109Y6ZTTJD4A7TXER
 |   |- Actor Path: /Game/ThirdPerson/Maps/ThirdPersonMap.ThirdPersonMap:PersistentLevel.StaticMeshActor_10
 |   |- Actor Package: /Game/__ExternalActors__/ThirdPerson/Maps/ThirdPersonMap/1/HL/XWFFRCIJ8QK4NRO30ALA6J
 |   |- Actor Path: /Game/ThirdPerson/Maps/ThirdPersonMap.ThirdPersonMap:PersistentLevel.VolumetricCloud_0
 |   |- Actor Package: /Game/__ExternalActors__/ThirdPerson/Maps/ThirdPersonMap/3/EY/87SHEJN5UBEAN2K5OV1G6R
 |   |- Actor Path: /Game/ThirdPerson/Maps/ThirdPersonMap.ThirdPersonMap:PersistentLevel.StaticMeshActor_24
 |   |- Actor Package: /Game/__ExternalActors__/ThirdPerson/Maps/ThirdPersonMap/3/M3/7JQC72ZY37QM4IT43WD5CW
 |   |- Actor Path: /Game/ThirdPerson/Maps/ThirdPersonMap.ThirdPersonMap:PersistentLevel.BP_AddPoints_C_UAID_C0B5D7B3A2A6138801_1545955120
 |   |- Actor Package: /Game/__ExternalActors__/ThirdPerson/Maps/ThirdPersonMap/4/5P/6DJKNRSRTC1RR8LVABX4GP
 |   |- Actor Path: /Game/ThirdPerson/Maps/ThirdPersonMap.ThirdPersonMap:PersistentLevel.StaticMeshActor_15
 |   |- Actor Package: /Game/__ExternalActors__/ThirdPerson/Maps/ThirdPersonMap/4/60/5PI42YRDC8HSSG6BVV2GRR
 |   |- Actor Path: /Game/ThirdPerson/Maps/ThirdPersonMap.ThirdPersonMap:PersistentLevel.SkyAtmosphere_0
 |   |- Actor Package: /Game/__ExternalActors__/ThirdPerson/Maps/ThirdPersonMap/4/LN/30UBDLYFFA5ZR7U4W4L4GG
 |   |- Actor Path: /Game/ThirdPerson/Maps/ThirdPersonMap.ThirdPersonMap:PersistentLevel.StaticMeshActor_UAID_A4AE111137DC5EFB00_1110535423
 |   |- Actor Package: /Game/__ExternalActors__/ThirdPerson/Maps/ThirdPersonMap/4/PN/2QISIGK5DJNQ05US8O8FXW
 |   |- Actor Path: /Game/ThirdPerson/Maps/ThirdPersonMap.ThirdPersonMap:PersistentLevel.StaticMeshActor_14
 |   |- Actor Package: /Game/__ExternalActors__/ThirdPerson/Maps/ThirdPersonMap/5/11/IM858T68EBXCBX1T2FNR96
 |   |- Actor Path: /Game/ThirdPerson/Maps/ThirdPersonMap.ThirdPersonMap:PersistentLevel.StaticMeshActor_11
 |   |- Actor Package: /Game/__ExternalActors__/ThirdPerson/Maps/ThirdPersonMap/5/7E/BEYC27T14FHBU6LF2F60RR
 |   |- Actor Path: /Game/ThirdPerson/Maps/ThirdPersonMap.ThirdPersonMap:PersistentLevel.StaticMeshActor_4
 |   |- Actor Package: /Game/__ExternalActors__/ThirdPerson/Maps/ThirdPersonMap/5/9Q/U98KGKQ41NJYFOGFQM8ZDY
 |   |- Actor Path: /Game/ThirdPerson/Maps/ThirdPersonMap.ThirdPersonMap:PersistentLevel.StaticMeshActor_19
 |   |- Actor Package: /Game/__ExternalActors__/ThirdPerson/Maps/ThirdPersonMap/5/QO/CO9MG7REJF8N8AQFYRCI06
 |   |- Actor Path: /Game/ThirdPerson/Maps/ThirdPersonMap.ThirdPersonMap:PersistentLevel.DirectionalLight_0
 |   |- Actor Package: /Game/__ExternalActors__/ThirdPerson/Maps/ThirdPersonMap/5/R1/TS5OQ5CRUWFZYL1ZQ7I416
 |   |- Actor Path: /Game/ThirdPerson/Maps/ThirdPersonMap.ThirdPersonMap:PersistentLevel.StaticMeshActor_22
 |   |- Actor Package: /Game/__ExternalActors__/ThirdPerson/Maps/ThirdPersonMap/6/CZ/K2YM0JIRZ78IHGM8W2QBAF
 |   |- Actor Path: /Game/ThirdPerson/Maps/ThirdPersonMap.ThirdPersonMap:PersistentLevel.ExponentialHeightFog_0
 |   |- Actor Package: /Game/__ExternalActors__/ThirdPerson/Maps/ThirdPersonMap/6/J7/N10XDC9G27EMLS5AGZ6AVV
 |   |- Actor Path: /Game/ThirdPerson/Maps/ThirdPersonMap.ThirdPersonMap:PersistentLevel.StaticMeshActor_25
 |   |- Actor Package: /Game/__ExternalActors__/ThirdPerson/Maps/ThirdPersonMap/6/XB/9VVR39MG0K7W5GQIEFE7SO
 |   |- Actor Path: /Game/ThirdPerson/Maps/ThirdPersonMap.ThirdPersonMap:PersistentLevel.StaticMeshActor_1
 |   |- Actor Package: /Game/__ExternalActors__/ThirdPerson/Maps/ThirdPersonMap/6/YO/NG2R9BPZVA7ZDN0Z4VSTG6
 |   |- Actor Path: /Game/ThirdPerson/Maps/ThirdPersonMap.ThirdPersonMap:PersistentLevel.StaticMeshActor_9
 |   |- Actor Package: /Game/__ExternalActors__/ThirdPerson/Maps/ThirdPersonMap/8/3J/6B9RJI3FDPCETRKXUXCQ4C
 |   |- Actor Path: /Game/ThirdPerson/Maps/ThirdPersonMap.ThirdPersonMap:PersistentLevel.SkyLight_1
 |   |- Actor Package: /Game/__ExternalActors__/ThirdPerson/Maps/ThirdPersonMap/8/S1/DXUWD12MD3HRWVVXX076BY
 |   |- Actor Path: /Game/ThirdPerson/Maps/ThirdPersonMap.ThirdPersonMap:PersistentLevel.BP_Save-System-02_C_UAID_C0B5D7B3A2A6718801_2134966665
 |   |- Actor Package: /Game/__ExternalActors__/ThirdPerson/Maps/ThirdPersonMap/9/28/2LTG75ZOLRN9LO6DP3693S
 |   |- Actor Path: /Game/ThirdPerson/Maps/ThirdPersonMap.ThirdPersonMap:PersistentLevel.TextRenderActor_UAID_C0B5D7B3A2A6738801_1089794019
 |   |- Actor Package: /Game/__ExternalActors__/ThirdPerson/Maps/ThirdPersonMap/9/MO/H2KZ45J7MSWS48QVG27SJL
 |   |- Actor Path: /Game/ThirdPerson/Maps/ThirdPersonMap.ThirdPersonMap:PersistentLevel.StaticMeshActor_12
 |   |- Actor Package: /Game/__ExternalActors__/ThirdPerson/Maps/ThirdPersonMap/9/U7/H8YL2PPHZPBTI74SUD0RNL
 |   |- Actor Path: /Game/ThirdPerson/Maps/ThirdPersonMap.ThirdPersonMap:PersistentLevel.StaticMeshActor_8
 |   |- Actor Package: /Game/__ExternalActors__/ThirdPerson/Maps/ThirdPersonMap/A/16/Q7Y1URWWFS0TXGWUTO3S61
 |   |- Actor Path: /Game/ThirdPerson/Maps/ThirdPersonMap.ThirdPersonMap:PersistentLevel.StaticMeshActor_23
 |   |- Actor Package: /Game/__ExternalActors__/ThirdPerson/Maps/ThirdPersonMap/A/17/6LXV4Y6DE3LUT705XNU4DZ
 |   |- Actor Path: /Game/ThirdPerson/Maps/ThirdPersonMap.ThirdPersonMap:PersistentLevel.BP_Save-System_C_UAID_C0B5D7B3A2A6258801_1495459288
 |   |- Actor Package: /Game/__ExternalActors__/ThirdPerson/Maps/ThirdPersonMap/A/3F/C3V47USK5XT3VFANSAN228
 |   |- Actor Path: /Game/ThirdPerson/Maps/ThirdPersonMap.ThirdPersonMap:PersistentLevel.TextRenderActor_UAID_C0B5D7B3A2A66B8801_1190452607
 |   |- Actor Package: /Game/__ExternalActors__/ThirdPerson/Maps/ThirdPersonMap/A/K2/XJDUTPJSDWB6S9C0GZK84U
 |   |- Actor Path: /Game/ThirdPerson/Maps/ThirdPersonMap.ThirdPersonMap:PersistentLevel.StaticMeshActor_0
 |   |- Actor Package: /Game/__ExternalActors__/ThirdPerson/Maps/ThirdPersonMap/A/MS/MRHJREJ6H7USQYWF1KO8F6
 |   |- Actor Path: /Game/ThirdPerson/Maps/ThirdPersonMap.ThirdPersonMap:PersistentLevel.StaticMeshActor_16
 |   |- Actor Package: /Game/__ExternalActors__/ThirdPerson/Maps/ThirdPersonMap/B/4D/BBOCKSZY1GVHTFRX0PR0O8
 |   |- Actor Path: /Game/ThirdPerson/Maps/ThirdPersonMap.ThirdPersonMap:PersistentLevel.StaticMeshActor_13
 |   |- Actor Package: /Game/__ExternalActors__/ThirdPerson/Maps/ThirdPersonMap/B/EA/9BWDWCNL7OZT2HTML9LK1Y
 |   |- Actor Path: /Game/ThirdPerson/Maps/ThirdPersonMap.ThirdPersonMap:PersistentLevel.StaticMeshActor_21
 |   |- Actor Package: /Game/__ExternalActors__/ThirdPerson/Maps/ThirdPersonMap/B/FB/8RB55FM1HBEUVO4IOQC4YN
 |   |- Actor Path: /Game/ThirdPerson/Maps/ThirdPersonMap.ThirdPersonMap:PersistentLevel.StaticMeshActor_5
 |   |- Actor Package: /Game/__ExternalActors__/ThirdPerson/Maps/ThirdPersonMap/C/QF/BY1DA5CRGQSAMOTK8RA8KR
 |   |- Actor Path: /Game/ThirdPerson/Maps/ThirdPersonMap.ThirdPersonMap:PersistentLevel.StaticMeshActor_20
 |   |- Actor Package: /Game/__ExternalActors__/ThirdPerson/Maps/ThirdPersonMap/C/YT/CQR16QFDKKEYP53M51TV4F
 |   |- Actor Path: /Game/ThirdPerson/Maps/ThirdPersonMap.ThirdPersonMap:PersistentLevel.StaticMeshActor_6
 |   |- Actor Package: /Game/__ExternalActors__/ThirdPerson/Maps/ThirdPersonMap/D/0G/JNKFA4X9LRMSF343ESPF6Q
 |   |- Actor Path: /Game/ThirdPerson/Maps/ThirdPersonMap.ThirdPersonMap:PersistentLevel.StaticMeshActor_7
 |   |- Actor Package: /Game/__ExternalActors__/ThirdPerson/Maps/ThirdPersonMap/D/3V/NMHOKL5LGQDOAAG00FUMZR
 |   |- Actor Path: /Game/ThirdPerson/Maps/ThirdPersonMap.ThirdPersonMap:PersistentLevel.PlayerStart_0
 |   |- Actor Package: /Game/__ExternalActors__/ThirdPerson/Maps/ThirdPersonMap/D/DE/SWSI13675DVYIZ0N4NF7Y3
 |   |- Actor Path: /Game/ThirdPerson/Maps/ThirdPersonMap.ThirdPersonMap:PersistentLevel.StaticMeshActor_2
 |   |- Actor Package: /Game/__ExternalActors__/ThirdPerson/Maps/ThirdPersonMap/E/8O/GK06JAEJ82TQ0GA2QB0DJG
 |   |- Actor Path: /Game/ThirdPerson/Maps/ThirdPersonMap.ThirdPersonMap:PersistentLevel.BP_Load-System_C_UAID_C0B5D7B3A2A6258801_1366666287
 |   |- Actor Package: /Game/__ExternalActors__/ThirdPerson/Maps/ThirdPersonMap/E/R4/HRKS9F3YYIENJ8DIEIQBIY

